This is pdfTeX, Version 3.141592653-2.6-1.40.22 (TeX Live 2022/dev/Debian) (preloaded format=pdflatex 2022.5.1)  12 OCT 2022 17:56
entering extended mode
 \write18 enabled.
 file:line:error style messages enabled.
 %&-line parsing enabled.
**/home/andrea/PhD/slides/PratiWorkshop/talk.tex
(/home/andrea/PhD/slides/PratiWorkshop/talk.tex
LaTeX2e <2021-11-15> patch level 1
L3 programming layer <2022-01-21> (/usr/share/texlive/texmf-dist/tex/latex/beamer/beamer.cls
Document Class: beamer 2022/01/21 v3.65 A class for typesetting presentations
(/usr/share/texlive/texmf-dist/tex/latex/beamer/beamerbasemodes.sty (/usr/share/texlive/texmf-dist/tex/latex/etoolbox/etoolbox.sty
Package: etoolbox 2020/10/05 v2.5k e-TeX tools for LaTeX (JAW)
\etb@tempcnta=\count185
)
\beamer@tempbox=\box50
\beamer@tempcount=\count186
\c@beamerpauses=\count187
 (/usr/share/texlive/texmf-dist/tex/latex/beamer/beamerbasedecode.sty
\beamer@slideinframe=\count188
\beamer@minimum=\count189
\beamer@decode@box=\box51
)
\beamer@commentbox=\box52
\beamer@modecount=\count190
) (/usr/share/texlive/texmf-dist/tex/generic/iftex/ifpdf.sty
Package: ifpdf 2019/10/25 v3.4 ifpdf legacy package. Use iftex instead.
 (/usr/share/texlive/texmf-dist/tex/generic/iftex/iftex.sty
Package: iftex 2020/03/06 v1.0d TeX engine tests
))
\headdp=\dimen138
\footheight=\dimen139
\sidebarheight=\dimen140
\beamer@tempdim=\dimen141
\beamer@finalheight=\dimen142
\beamer@animht=\dimen143
\beamer@animdp=\dimen144
\beamer@animwd=\dimen145
\beamer@leftmargin=\dimen146
\beamer@rightmargin=\dimen147
\beamer@leftsidebar=\dimen148
\beamer@rightsidebar=\dimen149
\beamer@boxsize=\dimen150
\beamer@vboxoffset=\dimen151
\beamer@descdefault=\dimen152
\beamer@descriptionwidth=\dimen153
\beamer@lastskip=\skip47
\beamer@areabox=\box53
\beamer@animcurrent=\box54
\beamer@animshowbox=\box55
\beamer@sectionbox=\box56
\beamer@logobox=\box57
\beamer@linebox=\box58
\beamer@sectioncount=\count191
\beamer@subsubsectionmax=\count192
\beamer@subsectionmax=\count193
\beamer@sectionmax=\count194
\beamer@totalheads=\count195
\beamer@headcounter=\count196
\beamer@partstartpage=\count197
\beamer@sectionstartpage=\count198
\beamer@subsectionstartpage=\count199
\beamer@animationtempa=\count266
\beamer@animationtempb=\count267
\beamer@xpos=\count268
\beamer@ypos=\count269
\beamer@ypos@offset=\count270
\beamer@showpartnumber=\count271
\beamer@currentsubsection=\count272
\beamer@coveringdepth=\count273
\beamer@sectionadjust=\count274
\beamer@toclastsection=\count275
\beamer@tocsectionnumber=\count276
 (/usr/share/texlive/texmf-dist/tex/latex/beamer/beamerbaseoptions.sty (/usr/share/texlive/texmf-dist/tex/latex/graphics/keyval.sty
Package: keyval 2014/10/28 v1.15 key=value parser (DPC)
\KV@toks@=\toks16
))
\beamer@paperwidth=\skip48
\beamer@paperheight=\skip49
 (/usr/share/texlive/texmf-dist/tex/latex/geometry/geometry.sty
Package: geometry 2020/01/02 v5.9 Page Geometry
 (/usr/share/texlive/texmf-dist/tex/generic/iftex/ifvtex.sty
Package: ifvtex 2019/10/25 v1.7 ifvtex legacy package. Use iftex instead.
)
\Gm@cnth=\count277
\Gm@cntv=\count278
\c@Gm@tempcnt=\count279
\Gm@bindingoffset=\dimen154
\Gm@wd@mp=\dimen155
\Gm@odd@mp=\dimen156
\Gm@even@mp=\dimen157
\Gm@layoutwidth=\dimen158
\Gm@layoutheight=\dimen159
\Gm@layouthoffset=\dimen160
\Gm@layoutvoffset=\dimen161
\Gm@dimlist=\toks17
) (/usr/share/texlive/texmf-dist/tex/latex/pgf/basiclayer/pgfcore.sty (/usr/share/texlive/texmf-dist/tex/latex/graphics/graphicx.sty
Package: graphicx 2021/09/16 v1.2d Enhanced LaTeX Graphics (DPC,SPQR)
 (/usr/share/texlive/texmf-dist/tex/latex/graphics/graphics.sty
Package: graphics 2021/03/04 v1.4d Standard LaTeX Graphics (DPC,SPQR)
 (/usr/share/texlive/texmf-dist/tex/latex/graphics/trig.sty
Package: trig 2021/08/11 v1.11 sin cos tan (DPC)
) (/usr/share/texlive/texmf-dist/tex/latex/graphics-cfg/graphics.cfg
File: graphics.cfg 2016/06/04 v1.11 sample graphics configuration
)
Package graphics Info: Driver file: pdftex.def on input line 107.
 (/usr/share/texlive/texmf-dist/tex/latex/graphics-def/pdftex.def
File: pdftex.def 2020/10/05 v1.2a Graphics/color driver for pdftex
))
\Gin@req@height=\dimen162
\Gin@req@width=\dimen163
) (/usr/share/texlive/texmf-dist/tex/latex/pgf/systemlayer/pgfsys.sty (/usr/share/texlive/texmf-dist/tex/latex/pgf/utilities/pgfrcs.sty (/usr/share/texlive/texmf-dist/tex/generic/pgf/utilities/pgfutil-common.tex
\pgfutil@everybye=\toks18
\pgfutil@tempdima=\dimen164
\pgfutil@tempdimb=\dimen165
 (/usr/share/texlive/texmf-dist/tex/generic/pgf/utilities/pgfutil-common-lists.tex)) (/usr/share/texlive/texmf-dist/tex/generic/pgf/utilities/pgfutil-latex.def
\pgfutil@abb=\box59
) (/usr/share/texlive/texmf-dist/tex/generic/pgf/utilities/pgfrcs.code.tex (/usr/share/texlive/texmf-dist/tex/generic/pgf/pgf.revision.tex)
Package: pgfrcs 2021/05/15 v3.1.9a (3.1.9a)
)) (/usr/share/texlive/texmf-dist/tex/generic/pgf/systemlayer/pgfsys.code.tex
Package: pgfsys 2021/05/15 v3.1.9a (3.1.9a)
 (/usr/share/texlive/texmf-dist/tex/generic/pgf/utilities/pgfkeys.code.tex
\pgfkeys@pathtoks=\toks19
\pgfkeys@temptoks=\toks20
 (/usr/share/texlive/texmf-dist/tex/generic/pgf/utilities/pgfkeysfiltered.code.tex
\pgfkeys@tmptoks=\toks21
))
\pgf@x=\dimen166
\pgf@y=\dimen167
\pgf@xa=\dimen168
\pgf@ya=\dimen169
\pgf@xb=\dimen170
\pgf@yb=\dimen171
\pgf@xc=\dimen172
\pgf@yc=\dimen173
\pgf@xd=\dimen174
\pgf@yd=\dimen175
\w@pgf@writea=\write3
\r@pgf@reada=\read2
\c@pgf@counta=\count280
\c@pgf@countb=\count281
\c@pgf@countc=\count282
\c@pgf@countd=\count283
\t@pgf@toka=\toks22
\t@pgf@tokb=\toks23
\t@pgf@tokc=\toks24
\pgf@sys@id@count=\count284
 (/usr/share/texlive/texmf-dist/tex/generic/pgf/systemlayer/pgf.cfg
File: pgf.cfg 2021/05/15 v3.1.9a (3.1.9a)
)
Driver file for pgf: pgfsys-pdftex.def
 (/usr/share/texlive/texmf-dist/tex/generic/pgf/systemlayer/pgfsys-pdftex.def
File: pgfsys-pdftex.def 2021/05/15 v3.1.9a (3.1.9a)
 (/usr/share/texlive/texmf-dist/tex/generic/pgf/systemlayer/pgfsys-common-pdf.def
File: pgfsys-common-pdf.def 2021/05/15 v3.1.9a (3.1.9a)
))) (/usr/share/texlive/texmf-dist/tex/generic/pgf/systemlayer/pgfsyssoftpath.code.tex
File: pgfsyssoftpath.code.tex 2021/05/15 v3.1.9a (3.1.9a)
\pgfsyssoftpath@smallbuffer@items=\count285
\pgfsyssoftpath@bigbuffer@items=\count286
) (/usr/share/texlive/texmf-dist/tex/generic/pgf/systemlayer/pgfsysprotocol.code.tex
File: pgfsysprotocol.code.tex 2021/05/15 v3.1.9a (3.1.9a)
)) (/usr/share/texlive/texmf-dist/tex/latex/xcolor/xcolor.sty
Package: xcolor 2021/10/31 v2.13 LaTeX color extensions (UK)
 (/usr/share/texlive/texmf-dist/tex/latex/graphics-cfg/color.cfg
File: color.cfg 2016/01/02 v1.6 sample color configuration
)
Package xcolor Info: Driver file: pdftex.def on input line 227.
Package xcolor Info: Model `cmy' substituted by `cmy0' on input line 1352.
Package xcolor Info: Model `hsb' substituted by `rgb' on input line 1356.
Package xcolor Info: Model `RGB' extended on input line 1368.
Package xcolor Info: Model `HTML' substituted by `rgb' on input line 1370.
Package xcolor Info: Model `Hsb' substituted by `hsb' on input line 1371.
Package xcolor Info: Model `tHsb' substituted by `hsb' on input line 1372.
Package xcolor Info: Model `HSB' substituted by `hsb' on input line 1373.
Package xcolor Info: Model `Gray' substituted by `gray' on input line 1374.
Package xcolor Info: Model `wave' substituted by `hsb' on input line 1375.
) (/usr/share/texlive/texmf-dist/tex/generic/pgf/basiclayer/pgfcore.code.tex
Package: pgfcore 2021/05/15 v3.1.9a (3.1.9a)
 (/usr/share/texlive/texmf-dist/tex/generic/pgf/math/pgfmath.code.tex (/usr/share/texlive/texmf-dist/tex/generic/pgf/math/pgfmathcalc.code.tex (/usr/share/texlive/texmf-dist/tex/generic/pgf/math/pgfmathutil.code.tex) (/usr/share/texlive/texmf-dist/tex/generic/pgf/math/pgfmathparser.code.tex
\pgfmath@dimen=\dimen176
\pgfmath@count=\count287
\pgfmath@box=\box60
\pgfmath@toks=\toks25
\pgfmath@stack@operand=\toks26
\pgfmath@stack@operation=\toks27
) (/usr/share/texlive/texmf-dist/tex/generic/pgf/math/pgfmathfunctions.code.tex (/usr/share/texlive/texmf-dist/tex/generic/pgf/math/pgfmathfunctions.basic.code.tex) (/usr/share/texlive/texmf-dist/tex/generic/pgf/math/pgfmathfunctions.trigonometric.code.tex) (/usr/share/texlive/texmf-dist/tex/generic/pgf/math/pgfmathfunctions.random.code.tex) (/usr/share/texlive/texmf-dist/tex/generic/pgf/math/pgfmathfunctions.comparison.code.tex) (/usr/share/texlive/texmf-dist/tex/generic/pgf/math/pgfmathfunctions.base.code.tex) (/usr/share/texlive/texmf-dist/tex/generic/pgf/math/pgfmathfunctions.round.code.tex) (/usr/share/texlive/texmf-dist/tex/generic/pgf/math/pgfmathfunctions.misc.code.tex) (/usr/share/texlive/texmf-dist/tex/generic/pgf/math/pgfmathfunctions.integerarithmetics.code.tex))) (/usr/share/texlive/texmf-dist/tex/generic/pgf/math/pgfmathfloat.code.tex
\c@pgfmathroundto@lastzeros=\count288
)) (/usr/share/texlive/texmf-dist/tex/generic/pgf/math/pgfint.code.tex) (/usr/share/texlive/texmf-dist/tex/generic/pgf/basiclayer/pgfcorepoints.code.tex
File: pgfcorepoints.code.tex 2021/05/15 v3.1.9a (3.1.9a)
\pgf@picminx=\dimen177
\pgf@picmaxx=\dimen178
\pgf@picminy=\dimen179
\pgf@picmaxy=\dimen180
\pgf@pathminx=\dimen181
\pgf@pathmaxx=\dimen182
\pgf@pathminy=\dimen183
\pgf@pathmaxy=\dimen184
\pgf@xx=\dimen185
\pgf@xy=\dimen186
\pgf@yx=\dimen187
\pgf@yy=\dimen188
\pgf@zx=\dimen189
\pgf@zy=\dimen190
) (/usr/share/texlive/texmf-dist/tex/generic/pgf/basiclayer/pgfcorepathconstruct.code.tex
File: pgfcorepathconstruct.code.tex 2021/05/15 v3.1.9a (3.1.9a)
\pgf@path@lastx=\dimen191
\pgf@path@lasty=\dimen192
) (/usr/share/texlive/texmf-dist/tex/generic/pgf/basiclayer/pgfcorepathusage.code.tex
File: pgfcorepathusage.code.tex 2021/05/15 v3.1.9a (3.1.9a)
\pgf@shorten@end@additional=\dimen193
\pgf@shorten@start@additional=\dimen194
) (/usr/share/texlive/texmf-dist/tex/generic/pgf/basiclayer/pgfcorescopes.code.tex
File: pgfcorescopes.code.tex 2021/05/15 v3.1.9a (3.1.9a)
\pgfpic=\box61
\pgf@hbox=\box62
\pgf@layerbox@main=\box63
\pgf@picture@serial@count=\count289
) (/usr/share/texlive/texmf-dist/tex/generic/pgf/basiclayer/pgfcoregraphicstate.code.tex
File: pgfcoregraphicstate.code.tex 2021/05/15 v3.1.9a (3.1.9a)
\pgflinewidth=\dimen195
) (/usr/share/texlive/texmf-dist/tex/generic/pgf/basiclayer/pgfcoretransformations.code.tex
File: pgfcoretransformations.code.tex 2021/05/15 v3.1.9a (3.1.9a)
\pgf@pt@x=\dimen196
\pgf@pt@y=\dimen197
\pgf@pt@temp=\dimen198
) (/usr/share/texlive/texmf-dist/tex/generic/pgf/basiclayer/pgfcorequick.code.tex
File: pgfcorequick.code.tex 2021/05/15 v3.1.9a (3.1.9a)
) (/usr/share/texlive/texmf-dist/tex/generic/pgf/basiclayer/pgfcoreobjects.code.tex
File: pgfcoreobjects.code.tex 2021/05/15 v3.1.9a (3.1.9a)
) (/usr/share/texlive/texmf-dist/tex/generic/pgf/basiclayer/pgfcorepathprocessing.code.tex
File: pgfcorepathprocessing.code.tex 2021/05/15 v3.1.9a (3.1.9a)
) (/usr/share/texlive/texmf-dist/tex/generic/pgf/basiclayer/pgfcorearrows.code.tex
File: pgfcorearrows.code.tex 2021/05/15 v3.1.9a (3.1.9a)
\pgfarrowsep=\dimen199
) (/usr/share/texlive/texmf-dist/tex/generic/pgf/basiclayer/pgfcoreshade.code.tex
File: pgfcoreshade.code.tex 2021/05/15 v3.1.9a (3.1.9a)
\pgf@max=\dimen256
\pgf@sys@shading@range@num=\count290
\pgf@shadingcount=\count291
) (/usr/share/texlive/texmf-dist/tex/generic/pgf/basiclayer/pgfcoreimage.code.tex
File: pgfcoreimage.code.tex 2021/05/15 v3.1.9a (3.1.9a)
 (/usr/share/texlive/texmf-dist/tex/generic/pgf/basiclayer/pgfcoreexternal.code.tex
File: pgfcoreexternal.code.tex 2021/05/15 v3.1.9a (3.1.9a)
\pgfexternal@startupbox=\box64
)) (/usr/share/texlive/texmf-dist/tex/generic/pgf/basiclayer/pgfcorelayers.code.tex
File: pgfcorelayers.code.tex 2021/05/15 v3.1.9a (3.1.9a)
) (/usr/share/texlive/texmf-dist/tex/generic/pgf/basiclayer/pgfcoretransparency.code.tex
File: pgfcoretransparency.code.tex 2021/05/15 v3.1.9a (3.1.9a)
) (/usr/share/texlive/texmf-dist/tex/generic/pgf/basiclayer/pgfcorepatterns.code.tex
File: pgfcorepatterns.code.tex 2021/05/15 v3.1.9a (3.1.9a)
) (/usr/share/texlive/texmf-dist/tex/generic/pgf/basiclayer/pgfcorerdf.code.tex
File: pgfcorerdf.code.tex 2021/05/15 v3.1.9a (3.1.9a)
))) (/usr/share/texlive/texmf-dist/tex/latex/base/size11.clo
File: size11.clo 2021/10/04 v1.4n Standard LaTeX file (size option)
) (/usr/share/texlive/texmf-dist/tex/latex/pgf/utilities/xxcolor.sty
Package: xxcolor 2003/10/24 ver 0.1
\XC@nummixins=\count292
\XC@countmixins=\count293
) (/usr/share/texlive/texmf-dist/tex/latex/base/atbegshi-ltx.sty
Package: atbegshi-ltx 2021/01/10 v1.0c Emulation of the original atbegshi
package with kernel methods
) (/usr/share/texlive/texmf-dist/tex/latex/hyperref/hyperref.sty
Package: hyperref 2021-06-07 v7.00m Hypertext links for LaTeX
 (/usr/share/texlive/texmf-dist/tex/generic/ltxcmds/ltxcmds.sty
Package: ltxcmds 2020-05-10 v1.25 LaTeX kernel commands for general use (HO)
) (/usr/share/texlive/texmf-dist/tex/generic/pdftexcmds/pdftexcmds.sty
Package: pdftexcmds 2020-06-27 v0.33 Utility functions of pdfTeX for LuaTeX (HO)
 (/usr/share/texlive/texmf-dist/tex/generic/infwarerr/infwarerr.sty
Package: infwarerr 2019/12/03 v1.5 Providing info/warning/error messages (HO)
)
Package pdftexcmds Info: \pdf@primitive is available.
Package pdftexcmds Info: \pdf@ifprimitive is available.
Package pdftexcmds Info: \pdfdraftmode found.
) (/usr/share/texlive/texmf-dist/tex/generic/kvsetkeys/kvsetkeys.sty
Package: kvsetkeys 2019/12/15 v1.18 Key value parser (HO)
) (/usr/share/texlive/texmf-dist/tex/generic/kvdefinekeys/kvdefinekeys.sty
Package: kvdefinekeys 2019-12-19 v1.6 Define keys (HO)
) (/usr/share/texlive/texmf-dist/tex/generic/pdfescape/pdfescape.sty
Package: pdfescape 2019/12/09 v1.15 Implements pdfTeX's escape features (HO)
) (/usr/share/texlive/texmf-dist/tex/latex/hycolor/hycolor.sty
Package: hycolor 2020-01-27 v1.10 Color options for hyperref/bookmark (HO)
) (/usr/share/texlive/texmf-dist/tex/latex/letltxmacro/letltxmacro.sty
Package: letltxmacro 2019/12/03 v1.6 Let assignment for LaTeX macros (HO)
) (/usr/share/texlive/texmf-dist/tex/latex/auxhook/auxhook.sty
Package: auxhook 2019-12-17 v1.6 Hooks for auxiliary files (HO)
) (/usr/share/texlive/texmf-dist/tex/latex/kvoptions/kvoptions.sty
Package: kvoptions 2020-10-07 v3.14 Key value format for package options (HO)
)
\@linkdim=\dimen257
\Hy@linkcounter=\count294
\Hy@pagecounter=\count295
 (/usr/share/texlive/texmf-dist/tex/latex/hyperref/pd1enc.def
File: pd1enc.def 2021-06-07 v7.00m Hyperref: PDFDocEncoding definition (HO)
Now handling font encoding PD1 ...
... no UTF-8 mapping file for font encoding PD1
) (/usr/share/texlive/texmf-dist/tex/latex/hyperref/hyperref-langpatches.def
File: hyperref-langpatches.def 2021-06-07 v7.00m Hyperref: patches for babel languages
) (/usr/share/texlive/texmf-dist/tex/generic/intcalc/intcalc.sty
Package: intcalc 2019/12/15 v1.3 Expandable calculations with integers (HO)
) (/usr/share/texlive/texmf-dist/tex/generic/etexcmds/etexcmds.sty
Package: etexcmds 2019/12/15 v1.7 Avoid name clashes with e-TeX commands (HO)
)
\Hy@SavedSpaceFactor=\count296
 (/usr/share/texlive/texmf-dist/tex/latex/hyperref/puenc.def
File: puenc.def 2021-06-07 v7.00m Hyperref: PDF Unicode definition (HO)
Now handling font encoding PU ...
... no UTF-8 mapping file for font encoding PU
)
Package hyperref Info: Option `bookmarks' set `true' on input line 4073.
Package hyperref Info: Option `bookmarksopen' set `true' on input line 4073.
Package hyperref Info: Option `implicit' set `false' on input line 4073.
Package hyperref Info: Hyper figures OFF on input line 4192.
Package hyperref Info: Link nesting OFF on input line 4197.
Package hyperref Info: Hyper index ON on input line 4200.
Package hyperref Info: Plain pages OFF on input line 4207.
Package hyperref Info: Backreferencing OFF on input line 4212.
Package hyperref Info: Implicit mode OFF; no redefinition of LaTeX internals.
Package hyperref Info: Bookmarks ON on input line 4445.
\c@Hy@tempcnt=\count297
 (/usr/share/texlive/texmf-dist/tex/latex/url/url.sty
\Urlmuskip=\muskip16
Package: url 2013/09/16  ver 3.4  Verb mode for urls, etc.
)
LaTeX Info: Redefining \url on input line 4804.
\XeTeXLinkMargin=\dimen258
 (/usr/share/texlive/texmf-dist/tex/generic/bitset/bitset.sty
Package: bitset 2019/12/09 v1.3 Handle bit-vector datatype (HO)
 (/usr/share/texlive/texmf-dist/tex/generic/bigintcalc/bigintcalc.sty
Package: bigintcalc 2019/12/15 v1.5 Expandable calculations on big integers (HO)
))
\Fld@menulength=\count298
\Field@Width=\dimen259
\Fld@charsize=\dimen260
Package hyperref Info: Hyper figures OFF on input line 6076.
Package hyperref Info: Link nesting OFF on input line 6081.
Package hyperref Info: Hyper index ON on input line 6084.
Package hyperref Info: backreferencing OFF on input line 6091.
Package hyperref Info: Link coloring OFF on input line 6096.
Package hyperref Info: Link coloring with OCG OFF on input line 6101.
Package hyperref Info: PDF/A mode OFF on input line 6106.
LaTeX Info: Redefining \ref on input line 6146.
LaTeX Info: Redefining \pageref on input line 6150.
\Hy@abspage=\count299


Package hyperref Message: Stopped early.

)
Package hyperref Info: Driver (autodetected): hpdftex.
 (/usr/share/texlive/texmf-dist/tex/latex/hyperref/hpdftex.def
File: hpdftex.def 2021-06-07 v7.00m Hyperref driver for pdfTeX
 (/usr/share/texlive/texmf-dist/tex/latex/base/atveryend-ltx.sty
Package: atveryend-ltx 2020/08/19 v1.0a Emulation of the original atveryend package
with kernel methods
)
\Fld@listcount=\count300
\c@bookmark@seq@number=\count301
 (/usr/share/texlive/texmf-dist/tex/latex/rerunfilecheck/rerunfilecheck.sty
Package: rerunfilecheck 2019/12/05 v1.9 Rerun checks for auxiliary files (HO)
 (/usr/share/texlive/texmf-dist/tex/generic/uniquecounter/uniquecounter.sty
Package: uniquecounter 2019/12/15 v1.4 Provide unlimited unique counter (HO)
)
Package uniquecounter Info: New unique counter `rerunfilecheck' on input line 286.
)) (/usr/share/texlive/texmf-dist/tex/latex/beamer/beamerbaserequires.sty (/usr/share/texlive/texmf-dist/tex/latex/beamer/beamerbasecompatibility.sty) (/usr/share/texlive/texmf-dist/tex/latex/beamer/beamerbasefont.sty (/usr/share/texlive/texmf-dist/tex/latex/amsfonts/amssymb.sty
Package: amssymb 2013/01/14 v3.01 AMS font symbols
 (/usr/share/texlive/texmf-dist/tex/latex/amsfonts/amsfonts.sty
Package: amsfonts 2013/01/14 v3.01 Basic AMSFonts support
\@emptytoks=\toks28
\symAMSa=\mathgroup4
\symAMSb=\mathgroup5
LaTeX Font Info:    Redeclaring math symbol \hbar on input line 98.
LaTeX Font Info:    Overwriting math alphabet `\mathfrak' in version `bold'
(Font)                  U/euf/m/n --> U/euf/b/n on input line 106.
)) (/usr/share/texlive/texmf-dist/tex/latex/sansmathaccent/sansmathaccent.sty
Package: sansmathaccent 2020/01/31
 (/usr/share/texlive/texmf-dist/tex/latex/koma-script/scrlfile.sty
Package: scrlfile 2021/11/13 v3.35 KOMA-Script package (file load hooks)
 (/usr/share/texlive/texmf-dist/tex/latex/koma-script/scrlfile-hook.sty
Package: scrlfile-hook 2021/11/13 v3.35 KOMA-Script package (using LaTeX hooks)
 (/usr/share/texlive/texmf-dist/tex/latex/koma-script/scrlogo.sty
Package: scrlogo 2021/11/13 v3.35 KOMA-Script package (logo)
))))) (/usr/share/texlive/texmf-dist/tex/latex/beamer/beamerbasetranslator.sty (/usr/share/texlive/texmf-dist/tex/latex/translator/translator.sty
Package: translator 2021-05-31 v1.12d Easy translation of strings in LaTeX
)) (/usr/share/texlive/texmf-dist/tex/latex/beamer/beamerbasemisc.sty) (/usr/share/texlive/texmf-dist/tex/latex/beamer/beamerbasetwoscreens.sty) (/usr/share/texlive/texmf-dist/tex/latex/beamer/beamerbaseoverlay.sty
\beamer@argscount=\count302
\beamer@lastskipcover=\skip50
\beamer@trivlistdepth=\count303
) (/usr/share/texlive/texmf-dist/tex/latex/beamer/beamerbasetitle.sty) (/usr/share/texlive/texmf-dist/tex/latex/beamer/beamerbasesection.sty
\c@lecture=\count304
\c@part=\count305
\c@section=\count306
\c@subsection=\count307
\c@subsubsection=\count308
) (/usr/share/texlive/texmf-dist/tex/latex/beamer/beamerbaseframe.sty
\beamer@framebox=\box65
\beamer@frametitlebox=\box66
\beamer@zoombox=\box67
\beamer@zoomcount=\count309
\beamer@zoomframecount=\count310
\beamer@frametextheight=\dimen261
\c@subsectionslide=\count311
\beamer@frametopskip=\skip51
\beamer@framebottomskip=\skip52
\beamer@frametopskipautobreak=\skip53
\beamer@framebottomskipautobreak=\skip54
\beamer@envbody=\toks29
\framewidth=\dimen262
\c@framenumber=\count312
) (/usr/share/texlive/texmf-dist/tex/latex/beamer/beamerbaseverbatim.sty
\beamer@verbatimfileout=\write4
) (/usr/share/texlive/texmf-dist/tex/latex/beamer/beamerbaseframesize.sty
\beamer@splitbox=\box68
\beamer@autobreakcount=\count313
\beamer@autobreaklastheight=\dimen263
\beamer@frametitletoks=\toks30
\beamer@framesubtitletoks=\toks31
) (/usr/share/texlive/texmf-dist/tex/latex/beamer/beamerbaseframecomponents.sty
\beamer@footins=\box69
) (/usr/share/texlive/texmf-dist/tex/latex/beamer/beamerbasecolor.sty) (/usr/share/texlive/texmf-dist/tex/latex/beamer/beamerbasenotes.sty
\beamer@frameboxcopy=\box70
) (/usr/share/texlive/texmf-dist/tex/latex/beamer/beamerbasetoc.sty) (/usr/share/texlive/texmf-dist/tex/latex/beamer/beamerbasetemplates.sty
\beamer@sbttoks=\toks32
 (/usr/share/texlive/texmf-dist/tex/latex/beamer/beamerbaseauxtemplates.sty (/usr/share/texlive/texmf-dist/tex/latex/beamer/beamerbaseboxes.sty
\bmb@box=\box71
\bmb@colorbox=\box72
\bmb@boxwidth=\dimen264
\bmb@boxheight=\dimen265
\bmb@prevheight=\dimen266
\bmb@temp=\dimen267
\bmb@dima=\dimen268
\bmb@dimb=\dimen269
\bmb@prevheight=\dimen270
)
\beamer@blockheadheight=\dimen271
)) (/usr/share/texlive/texmf-dist/tex/latex/beamer/beamerbaselocalstructure.sty (/usr/share/texlive/texmf-dist/tex/latex/tools/enumerate.sty
Package: enumerate 2015/07/23 v3.00 enumerate extensions (DPC)
\@enLab=\toks33
)
\beamer@bibiconwidth=\skip55
\c@figure=\count314
\c@table=\count315
\abovecaptionskip=\skip56
\belowcaptionskip=\skip57
) (/usr/share/texlive/texmf-dist/tex/latex/beamer/beamerbasenavigation.sty
\beamer@section@min@dim=\dimen272
) (/usr/share/texlive/texmf-dist/tex/latex/beamer/beamerbasetheorems.sty (/usr/share/texlive/texmf-dist/tex/latex/amsmath/amsmath.sty
Package: amsmath 2021/10/15 v2.17l AMS math features
\@mathmargin=\skip58

For additional information on amsmath, use the `?' option.
(/usr/share/texlive/texmf-dist/tex/latex/amsmath/amstext.sty
Package: amstext 2021/08/26 v2.01 AMS text
 (/usr/share/texlive/texmf-dist/tex/latex/amsmath/amsgen.sty
File: amsgen.sty 1999/11/30 v2.0 generic functions
\@emptytoks=\toks34
\ex@=\dimen273
)) (/usr/share/texlive/texmf-dist/tex/latex/amsmath/amsbsy.sty
Package: amsbsy 1999/11/29 v1.2d Bold Symbols
\pmbraise@=\dimen274
) (/usr/share/texlive/texmf-dist/tex/latex/amsmath/amsopn.sty
Package: amsopn 2021/08/26 v2.02 operator names
)
\inf@bad=\count316
LaTeX Info: Redefining \frac on input line 234.
\uproot@=\count317
\leftroot@=\count318
LaTeX Info: Redefining \overline on input line 399.
\classnum@=\count319
\DOTSCASE@=\count320
LaTeX Info: Redefining \ldots on input line 496.
LaTeX Info: Redefining \dots on input line 499.
LaTeX Info: Redefining \cdots on input line 620.
\Mathstrutbox@=\box73
\strutbox@=\box74
\big@size=\dimen275
LaTeX Font Info:    Redeclaring font encoding OML on input line 743.
LaTeX Font Info:    Redeclaring font encoding OMS on input line 744.
\macc@depth=\count321
\c@MaxMatrixCols=\count322
\dotsspace@=\muskip17
\c@parentequation=\count323
\dspbrk@lvl=\count324
\tag@help=\toks35
\row@=\count325
\column@=\count326
\maxfields@=\count327
\andhelp@=\toks36
\eqnshift@=\dimen276
\alignsep@=\dimen277
\tagshift@=\dimen278
\tagwidth@=\dimen279
\totwidth@=\dimen280
\lineht@=\dimen281
\@envbody=\toks37
\multlinegap=\skip59
\multlinetaggap=\skip60
\mathdisplay@stack=\toks38
LaTeX Info: Redefining \[ on input line 2938.
LaTeX Info: Redefining \] on input line 2939.
) (/usr/share/texlive/texmf-dist/tex/latex/amscls/amsthm.sty
Package: amsthm 2020/05/29 v2.20.6
\thm@style=\toks39
\thm@bodyfont=\toks40
\thm@headfont=\toks41
\thm@notefont=\toks42
\thm@headpunct=\toks43
\thm@preskip=\skip61
\thm@postskip=\skip62
\thm@headsep=\skip63
\dth@everypar=\toks44
)
\c@theorem=\count328
) (/usr/share/texlive/texmf-dist/tex/latex/beamer/beamerbasethemes.sty)) (/usr/share/texlive/texmf-dist/tex/latex/beamer/beamerthemedefault.sty (/usr/share/texlive/texmf-dist/tex/latex/beamer/beamerfontthemedefault.sty) (/usr/share/texlive/texmf-dist/tex/latex/beamer/beamercolorthemedefault.sty) (/usr/share/texlive/texmf-dist/tex/latex/beamer/beamerinnerthemedefault.sty
\beamer@dima=\dimen282
\beamer@dimb=\dimen283
) (/usr/share/texlive/texmf-dist/tex/latex/beamer/beamerouterthemedefault.sty))) (/usr/share/texlive/texmf-dist/tex/latex/beamertheme-metropolis/beamerthememetropolis.sty
Package: beamerthememetropolis 2017/01/23 v1.2 Metropolis Beamer theme
 (/usr/share/texlive/texmf-dist/tex/latex/pgfopts/pgfopts.sty
Package: pgfopts 2014/07/10 v2.1a LaTeX package options with pgfkeys
 (/usr/share/texlive/texmf-dist/tex/latex/pgf/utilities/pgfkeys.sty (/usr/share/texlive/texmf-dist/tex/generic/pgf/utilities/pgfkeys.code.tex))
\pgfopts@list@add@a@toks=\toks45
\pgfopts@list@add@b@toks=\toks46
) (/usr/share/texlive/texmf-dist/tex/latex/beamertheme-metropolis/beamerinnerthememetropolis.sty
Package: beamerinnerthememetropolis 2017/01/23 Metropolis inner theme
 (/usr/share/texlive/texmf-dist/tex/latex/tools/calc.sty
Package: calc 2017/05/25 v4.3 Infix arithmetic (KKT,FJ)
\calc@Acount=\count329
\calc@Bcount=\count330
\calc@Adimen=\dimen284
\calc@Bdimen=\dimen285
\calc@Askip=\skip64
\calc@Bskip=\skip65
LaTeX Info: Redefining \setlength on input line 80.
LaTeX Info: Redefining \addtolength on input line 81.
\calc@Ccount=\count331
\calc@Cskip=\skip66
) (/usr/share/texlive/texmf-dist/tex/latex/pgf/frontendlayer/tikz.sty (/usr/share/texlive/texmf-dist/tex/latex/pgf/basiclayer/pgf.sty
Package: pgf 2021/05/15 v3.1.9a (3.1.9a)
 (/usr/share/texlive/texmf-dist/tex/generic/pgf/modules/pgfmoduleshapes.code.tex
File: pgfmoduleshapes.code.tex 2021/05/15 v3.1.9a (3.1.9a)
\pgfnodeparttextbox=\box75
) (/usr/share/texlive/texmf-dist/tex/generic/pgf/modules/pgfmoduleplot.code.tex
File: pgfmoduleplot.code.tex 2021/05/15 v3.1.9a (3.1.9a)
) (/usr/share/texlive/texmf-dist/tex/latex/pgf/compatibility/pgfcomp-version-0-65.sty
Package: pgfcomp-version-0-65 2021/05/15 v3.1.9a (3.1.9a)
\pgf@nodesepstart=\dimen286
\pgf@nodesepend=\dimen287
) (/usr/share/texlive/texmf-dist/tex/latex/pgf/compatibility/pgfcomp-version-1-18.sty
Package: pgfcomp-version-1-18 2021/05/15 v3.1.9a (3.1.9a)
)) (/usr/share/texlive/texmf-dist/tex/latex/pgf/utilities/pgffor.sty (/usr/share/texlive/texmf-dist/tex/latex/pgf/math/pgfmath.sty (/usr/share/texlive/texmf-dist/tex/generic/pgf/math/pgfmath.code.tex)) (/usr/share/texlive/texmf-dist/tex/generic/pgf/utilities/pgffor.code.tex
Package: pgffor 2021/05/15 v3.1.9a (3.1.9a)
 (/usr/share/texlive/texmf-dist/tex/generic/pgf/math/pgfmath.code.tex)
\pgffor@iter=\dimen288
\pgffor@skip=\dimen289
\pgffor@stack=\toks47
\pgffor@toks=\toks48
)) (/usr/share/texlive/texmf-dist/tex/generic/pgf/frontendlayer/tikz/tikz.code.tex
Package: tikz 2021/05/15 v3.1.9a (3.1.9a)
 (/usr/share/texlive/texmf-dist/tex/generic/pgf/libraries/pgflibraryplothandlers.code.tex
File: pgflibraryplothandlers.code.tex 2021/05/15 v3.1.9a (3.1.9a)
\pgf@plot@mark@count=\count332
\pgfplotmarksize=\dimen290
)
\tikz@lastx=\dimen291
\tikz@lasty=\dimen292
\tikz@lastxsaved=\dimen293
\tikz@lastysaved=\dimen294
\tikz@lastmovetox=\dimen295
\tikz@lastmovetoy=\dimen296
\tikzleveldistance=\dimen297
\tikzsiblingdistance=\dimen298
\tikz@figbox=\box76
\tikz@figbox@bg=\box77
\tikz@tempbox=\box78
\tikz@tempbox@bg=\box79
\tikztreelevel=\count333
\tikznumberofchildren=\count334
\tikznumberofcurrentchild=\count335
\tikz@fig@count=\count336
 (/usr/share/texlive/texmf-dist/tex/generic/pgf/modules/pgfmodulematrix.code.tex
File: pgfmodulematrix.code.tex 2021/05/15 v3.1.9a (3.1.9a)
\pgfmatrixcurrentrow=\count337
\pgfmatrixcurrentcolumn=\count338
\pgf@matrix@numberofcolumns=\count339
)
\tikz@expandcount=\count340
 (/usr/share/texlive/texmf-dist/tex/generic/pgf/frontendlayer/tikz/libraries/tikzlibrarytopaths.code.tex
File: tikzlibrarytopaths.code.tex 2021/05/15 v3.1.9a (3.1.9a)
)))
\metropolis@titleseparator@linewidth=\skip67
\metropolis@progressonsectionpage=\skip68
\metropolis@progressonsectionpage@linewidth=\skip69
\metropolis@blocksep=\skip70
\metropolis@blockadjust=\skip71
\metropolis@parskip=\skip72
) (/usr/share/texlive/texmf-dist/tex/latex/beamertheme-metropolis/beamerouterthememetropolis.sty
Package: beamerouterthememetropolis 2017/01/23 Metropolis outer theme
\metropolis@frametitle@padding=\skip73
\metropolis@progressinheadfoot=\skip74
\metropolis@progressinheadfoot@linewidth=\skip75
) (/usr/share/texlive/texmf-dist/tex/latex/beamertheme-metropolis/beamercolorthememetropolis.sty
Package: beamercolorthememetropolis 2017/01/23 Metropolis color theme
) (/usr/share/texlive/texmf-dist/tex/latex/beamertheme-metropolis/beamerfontthememetropolis.sty
Package: beamerfontthememetropolis 2017/01/23 Metropolis font theme
 (/usr/share/texlive/texmf-dist/tex/generic/iftex/ifxetex.sty
Package: ifxetex 2019/10/25 v0.7 ifxetex legacy package. Use iftex instead.
) (/usr/share/texlive/texmf-dist/tex/generic/iftex/ifluatex.sty
Package: ifluatex 2019/10/25 v1.5 ifluatex legacy package. Use iftex instead.
)

Package beamerthememetropolis Warning: You need to compile with XeLaTeX or LuaLaTeX to use the Fira fonts on input line 95.

)) (./style/main.sty (/usr/share/texlive/texmf-dist/tex/latex/cleveref/cleveref.sty
Package: cleveref 2018/03/27 v0.21.4 Intelligent cross-referencing


Package cleveref Warning: hyperref package loaded with implicit=false option - disabling cleveref's hyperref support. This situation is not supported by cleveref, and there's no guarantee anything will work. You're on your own! on input line 2370.

Package cleveref Info: `amsthm' support loaded on input line 3026.
Package cleveref Info: always capitalise cross-reference names on input line 7825.
Package cleveref Info: always capitalise cross-reference names on input line 7852.
) (/usr/share/texlive/texmf-dist/tex/latex/fixme/fixme.sty
Package: fixme 2019/01/03 v4.5 Collaborative annotations for LaTeX2e
 (/usr/share/texlive/texmf-dist/tex/latex/base/ifthen.sty
Package: ifthen 2020/11/24 v1.1c Standard LaTeX ifthen package (DPC)
) (/usr/share/texlive/texmf-dist/tex/latex/tools/verbatim.sty
Package: verbatim 2020-07-07 v1.5u LaTeX2e package for verbatim enhancements
\every@verbatim=\toks49
\verbatim@line=\toks50
\verbatim@in@stream=\read3
) (/usr/share/texlive/texmf-dist/tex/latex/xkeyval/xkeyval.sty
Package: xkeyval 2020/11/20 v2.8 package option processing (HA)
 (/usr/share/texlive/texmf-dist/tex/generic/xkeyval/xkeyval.tex (/usr/share/texlive/texmf-dist/tex/generic/xkeyval/xkvutils.tex
\XKV@toks=\toks51
\XKV@tempa@toks=\toks52
)
\XKV@depth=\count341
File: xkeyval.tex 2014/12/03 v2.7a key=value parser (HA)
))
\lox@file=\read4
\c@fixmecount=\count342
\c@fxnotecount=\count343
\c@fxwarningcount=\count344
\c@fxerrorcount=\count345
\c@fxfatalcount=\count346
) (/usr/share/texlive/texmf-dist/tex/latex/fixme/themes/fxthemecolor.sty
Package: fxthemecolor 
 (/usr/share/texlive/texmf-dist/tex/latex/fixme/layouts/env/fxenvlayoutcolor.sty
Package: fxenvlayoutcolor 
) (/usr/share/texlive/texmf-dist/tex/latex/fixme/layouts/target/fxtargetlayoutcolor.sty
Package: fxtargetlayoutcolor 
)) (/usr/share/texlive/texmf-dist/tex/latex/physics/physics.sty
Package: physics 
 (/usr/share/texlive/texmf-dist/tex/latex/l3packages/xparse/xparse.sty (/usr/share/texlive/texmf-dist/tex/latex/l3kernel/expl3.sty
Package: expl3 2022-01-21 L3 programming layer (loader) 
 (/usr/share/texlive/texmf-dist/tex/latex/l3backend/l3backend-pdftex.def
File: l3backend-pdftex.def 2022-01-12 L3 backend support: PDF output (pdfTeX)
\l__color_backend_stack_int=\count347
\l__pdf_internal_box=\box80
))
Package: xparse 2022-01-12 L3 Experimental document command parser
)) (/usr/share/texlive/texmf-dist/tex/latex/siunitx/siunitx.sty
Package: siunitx 2022-02-02 v3.0.46 A comprehensive (SI) units package
\l__siunitx_angle_tmp_dim=\dimen299
\l__siunitx_angle_marker_box=\box81
\l__siunitx_angle_unit_box=\box82
\l__siunitx_compound_count_int=\count348
 (/usr/share/texlive/texmf-dist/tex/latex/translations/translations.sty
Package: translations 2022/01/04 v1.11 internationalization of LaTeX2e packages (CN)
)
\l__siunitx_number_exponent_fixed_int=\count349
\l__siunitx_number_min_decimal_int=\count350
\l__siunitx_number_min_integer_int=\count351
\l__siunitx_number_round_precision_int=\count352
\l__siunitx_number_group_minimum_int=\count353
\l__siunitx_table_tmp_box=\box83
\l__siunitx_table_tmp_dim=\dimen300
\l__siunitx_table_column_width_dim=\dimen301
\l__siunitx_table_integer_box=\box84
\l__siunitx_table_decimal_box=\box85
\l__siunitx_table_before_box=\box86
\l__siunitx_table_after_box=\box87
\l__siunitx_table_before_dim=\dimen302
\l__siunitx_table_carry_dim=\dimen303
\l__siunitx_unit_tmp_int=\count354
\l__siunitx_unit_position_int=\count355
\l__siunitx_unit_total_int=\count356
 (/usr/share/texlive/texmf-dist/tex/latex/l3packages/l3keys2e/l3keys2e.sty
Package: l3keys2e 2022-01-12 LaTeX2e option processing using LaTeX3 keys
)

Package siunitx Warning: Detected the "physics" package:
(siunitx)                Omitting definition of \qty.

(/usr/share/texlive/texmf-dist/tex/latex/tools/array.sty
Package: array 2021/10/04 v2.5f Tabular extension package (FMi)
\col@sep=\dimen304
\ar@mcellbox=\box88
\extrarowheight=\dimen305
\NC@list=\toks53
\extratabsurround=\skip76
\backup@length=\skip77
\ar@cellbox=\box89
))

Package siunitx Info: Option "retain-unity-mantissa" has been deprecated in
(siunitx)             this release.
(siunitx)             
(siunitx)             Use "print-unity-mantissa" as a replacement.

 (/usr/share/texlive/texmf-dist/tex/latex/tools/tabularx.sty
Package: tabularx 2020/01/15 v2.11c `tabularx' package (DPC)
\TX@col@width=\dimen306
\TX@old@table=\dimen307
\TX@old@col=\dimen308
\TX@target=\dimen309
\TX@delta=\dimen310
\TX@cols=\count357
\TX@ftn=\toks54
) (/usr/share/texlive/texmf-dist/tex/latex/hepnames/hepnames.sty
Package: hepnames 2014/12/01 Pre-defined HEP particle symbols (version 2.0)
 (/usr/share/texlive/texmf-dist/tex/latex/hepnames/hepnicenames.sty
Package: hepnicenames 2014/12/01 Friendly alternatives to the PEN particle codes (version 2.0)
 (/usr/share/texlive/texmf-dist/tex/latex/hepnames/heppennames.sty
Package: heppennames 2014/12/01 Elementary Particle Naming Scheme (version 2.0)
 (/usr/share/texlive/texmf-dist/tex/latex/hepparticles/hepparticles.sty
Package: hepparticles 2014/12/01 HEP particle typesetting (v2.0)
 (/usr/share/texlive/texmf-dist/tex/latex/subdepth/subdepth.sty
Package: subdepth 2007/09/02 v0.1 Unify subscript depths
)
LaTeX Font Info:    Overwriting math alphabet `\mathup' in version `bold'
(Font)                  OT1/cmss/m/n --> OT1/cmss/bx/n on input line 110.
LaTeX Font Info:    Overwriting math alphabet `\mathsfup' in version `bold'
(Font)                  OT1/cmss/m/n --> OT1/cmss/bx/n on input line 113.
LaTeX Font Info:    Overwriting math alphabet `\mathsfit' in version `bold'
(Font)                  OT1/cmss/m/sl --> OT1/cmss/bx/sl on input line 116.
) (/usr/share/texlive/texmf-dist/tex/latex/tools/xspace.sty
Package: xspace 2014/10/28 v1.13 Space after command names (DPC,MH)
)))) (/usr/share/texlive/texmf-dist/tex/latex/booktabs/booktabs.sty
Package: booktabs 2020/01/12 v1.61803398 Publication quality tables
\heavyrulewidth=\dimen311
\lightrulewidth=\dimen312
\cmidrulewidth=\dimen313
\belowrulesep=\dimen314
\belowbottomsep=\dimen315
\aboverulesep=\dimen316
\abovetopsep=\dimen317
\cmidrulesep=\dimen318
\cmidrulekern=\dimen319
\defaultaddspace=\dimen320
\@cmidla=\count358
\@cmidlb=\count359
\@aboverulesep=\dimen321
\@belowrulesep=\dimen322
\@thisruleclass=\count360
\@lastruleclass=\count361
\@thisrulewidth=\dimen323
) (/usr/share/texlive/texmf-dist/tex/latex/csquotes/csquotes.sty
Package: csquotes 2021-02-22 v5.2l context-sensitive quotations (JAW)
\csq@reset=\count362
\csq@gtype=\count363
\csq@glevel=\count364
\csq@qlevel=\count365
\csq@maxlvl=\count366
\csq@tshold=\count367
\csq@ltx@everypar=\toks55
 (/usr/share/texlive/texmf-dist/tex/latex/csquotes/csquotes.def
File: csquotes.def 2021-02-22 v5.2l csquotes generic definitions (JAW)
)
Package csquotes Info: Trying to load configuration file 'csquotes.cfg'...
Package csquotes Info: ... configuration file loaded successfully.
 (/usr/share/texlive/texmf-dist/tex/latex/csquotes/csquotes.cfg
File: csquotes.cfg 
)) (/usr/share/texlive/texmf-dist/tex/latex/wasysym/wasysym.sty
Package: wasysym 2020/01/19 v2.4 Wasy-2 symbol support package
\symwasy=\mathgroup6
LaTeX Font Info:    Overwriting symbol font `wasy' in version `bold'
(Font)                  U/wasy/m/n --> U/wasy/b/n on input line 93.
)
\sympureletters=\mathgroup7
LaTeX Font Info:    Overwriting symbol font `pureletters' in version `bold'
(Font)                  OT1/mathkerncmss/m/sl --> OT1/mathkerncmss/bx/sl on input line 22.
 (/usr/share/texlive/texmf-dist/tex/latex/tools/bm.sty
Package: bm 2021/04/25 v1.2e Bold Symbol Support (DPC/FMi)
\symboldoperators=\mathgroup8
\symboldletters=\mathgroup9
\symboldsymbols=\mathgroup10
Package bm Info: No bold for \OMX/cmex/m/n, using \pmb.
Package bm Info: No bold for \U/msa/m/n, using \pmb.
Package bm Info: No bold for \U/msb/m/n, using \pmb.
\symboldwasy=\mathgroup11
LaTeX Font Info:    Redeclaring math alphabet \mathbf on input line 149.
)) (/usr/share/texlive/texmf-dist/tex/latex/base/fontenc.sty
Package: fontenc 2021/04/29 v2.0v Standard LaTeX package
) (/usr/share/texlive/texmf-dist/tex/generic/babel/babel.sty
Package: babel 2022/01/26 3.70 The Babel package
\babel@savecnt=\count368
\U@D=\dimen324
\l@unhyphenated=\language87
 (/usr/share/texlive/texmf-dist/tex/generic/babel/txtbabel.def)
\bbl@readstream=\read5
LaTeX Info: Redefining \textlatin on input line 3967.
\bbl@dirlevel=\count369
 (/usr/share/texlive/texmf-dist/tex/generic/babel-english/english.ldf
Language: english 2017/06/06 v3.3r English support from the babel system
Package babel Info: Hyphen rules for 'canadian' set to \l@english
(babel)             (\language0). Reported on input line 102.
Package babel Info: Hyphen rules for 'australian' set to \l@ukenglish
(babel)             (\language66). Reported on input line 105.
Package babel Info: Hyphen rules for 'newzealand' set to \l@ukenglish
(babel)             (\language66). Reported on input line 108.
)) (/usr/share/texlive/texmf-dist/tex/latex/tcolorbox/tcolorbox.sty
Package: tcolorbox 2022/01/07 version 5.0.2 text color boxes
 (/usr/share/texlive/texmf-dist/tex/latex/environ/environ.sty
Package: environ 2014/05/04 v0.3 A new way to define environments
 (/usr/share/texlive/texmf-dist/tex/latex/trimspaces/trimspaces.sty
Package: trimspaces 2009/09/17 v1.1 Trim spaces around a token list
))
\tcb@titlebox=\box90
\tcb@upperbox=\box91
\tcb@lowerbox=\box92
\tcb@phantombox=\box93
\c@tcbbreakpart=\count370
\c@tcblayer=\count371
\c@tcolorbox@number=\count372
\tcb@temp=\box94
\tcb@temp=\box95
\tcb@temp=\box96
\tcb@temp=\box97
) (/usr/share/texlive/texmf-dist/tex/latex/graphics/rotating.sty
Package: rotating 2016/08/11 v2.16d rotated objects in LaTeX
\c@r@tfl@t=\count373
\rotFPtop=\skip78
\rotFPbot=\skip79
\rot@float@box=\box98
\rot@mess@toks=\toks56
) (/usr/share/texlive/texmf-dist/tex/latex/amsmath/amscd.sty
Package: amscd 2017/04/14 v2.1 AMS Commutative Diagrams
\athelp@=\toks57
\minaw@=\dimen325
\bigaw@=\dimen326
\minCDarrowwidth=\dimen327
) (/usr/share/texlive/texmf-dist/tex/latex/bbm-macros/bbm.sty
Package: bbm 1999/03/15 V 1.2 provides fonts for set symbols - TH
LaTeX Font Info:    Overwriting math alphabet `\mathbbm' in version `bold'
(Font)                  U/bbm/m/n --> U/bbm/bx/n on input line 33.
LaTeX Font Info:    Overwriting math alphabet `\mathbbmss' in version `bold'
(Font)                  U/bbmss/m/n --> U/bbmss/bx/n on input line 35.
) (/usr/share/texlive/texmf-dist/tex/latex/fontawesome/fontawesome.sty
Package: fontawesome 2016/05/15 v4.6.3.1 font awesome icons
 (/usr/share/texlive/texmf-dist/tex/latex/fontawesome/fontawesomesymbols-generic.tex) (/usr/share/texlive/texmf-dist/tex/latex/fontawesome/fontawesomesymbols-pdftex.tex)) (/usr/share/texlive/texmf-dist/tex/latex/movie15/movie15.sty
Package: movie15 2012/05/16
 (/usr/share/texlive/texmf-dist/tex/latex/oberdiek/ifdraft.sty
Package: ifdraft 2016/05/16 v1.4 Detect class options draft and final (HO)
) (/usr/share/texlive/texmf-dist/tex/latex/everyshi/everyshi.sty
Package: everyshi 2020/11/18 v4.00 EveryShipout Package
)
\@MXV@page=\count374
\@MXV@adict=\count375
\@MXV@aadict=\count376
\@MXV@includes=\count377
\@MXV@players=\count378
\@MXV@links=\count379
\@MXV@width=\dimen328
\@MXV@height=\dimen329
\@MXV@depth=\dimen330
\@MXV@totalheight=\dimen331
\@MXV@@boxdepth=\dimen332
\@MXV@traiselen=\dimen333
\@MXV@braiselen=\dimen334
\@MXV@start=\dimen335
\@MXV@end=\dimen336
\@MXV@textbox=\box99
) (/usr/share/texlive/texmf-dist/tex/latex/tools/multicol.sty
Package: multicol 2021/10/28 v1.9b multicolumn formatting (FMi)
\c@tracingmulticols=\count380
\mult@box=\box100
\multicol@leftmargin=\dimen337
\c@unbalance=\count381
\c@collectmore=\count382
\doublecol@number=\count383
\multicoltolerance=\count384
\multicolpretolerance=\count385
\full@width=\dimen338
\page@free=\dimen339
\premulticols=\dimen340
\postmulticols=\dimen341
\multicolsep=\skip80
\multicolbaselineskip=\skip81
\partial@page=\box101
\last@line=\box102
\maxbalancingoverflow=\dimen342
\mult@rightbox=\box103
\mult@grightbox=\box104
\mult@firstbox=\box105
\mult@gfirstbox=\box106
\@tempa=\box107
\@tempa=\box108
\@tempa=\box109
\@tempa=\box110
\@tempa=\box111
\@tempa=\box112
\@tempa=\box113
\@tempa=\box114
\@tempa=\box115
\@tempa=\box116
\@tempa=\box117
\@tempa=\box118
\@tempa=\box119
\@tempa=\box120
\@tempa=\box121
\@tempa=\box122
\@tempa=\box123
\@tempa=\box124
\@tempa=\box125
\@tempa=\box126
\@tempa=\box127
\@tempa=\box128
\@tempa=\box129
\@tempa=\box130
\@tempa=\box131
\@tempa=\box132
\@tempa=\box133
\@tempa=\box134
\@tempa=\box135
\@tempa=\box136
\@tempa=\box137
\@tempa=\box138
\@tempa=\box139
\@tempa=\box140
\@tempa=\box141
\@tempa=\box142
\c@minrows=\count386
\c@columnbadness=\count387
\c@finalcolumnbadness=\count388
\last@try=\dimen343
\multicolovershoot=\dimen344
\multicolundershoot=\dimen345
\mult@nat@firstbox=\box143
\colbreak@box=\box144
\mc@col@check@num=\count389
) (/usr/share/texlive/texmf-dist/tex/latex/wrapfig/wrapfig.sty
\wrapoverhang=\dimen346
\WF@size=\dimen347
\c@WF@wrappedlines=\count390
\WF@box=\box145
\WF@everypar=\toks58
Package: wrapfig 2003/01/31  v 3.6
) (/usr/share/texlive/texmf-dist/tex/latex/quantikz/tikzlibraryquantikz.code.tex (/usr/share/texlive/texmf-dist/tex/latex/xargs/xargs.sty
Package: xargs 2008/03/22 v1.1  extended macro definitions  (mpg)
\xargs@max=\count391
\xargs@toksa=\toks59
\xargs@toksb=\toks60
) (/usr/share/texlive/texmf-dist/tex/generic/xstring/xstring.sty (/usr/share/texlive/texmf-dist/tex/generic/xstring/xstring.tex
\integerpart=\count392
\decimalpart=\count393
)
Package: xstring 2021/07/21 v1.84 String manipulations (CT)
) (/usr/share/texlive/texmf-dist/tex/latex/mathtools/mathtools.sty
Package: mathtools 2021/02/02 v1.28 mathematical typesetting tools
 (/usr/share/texlive/texmf-dist/tex/latex/mathtools/mhsetup.sty
Package: mhsetup 2021/03/18 v1.4 programming setup (MH)
)
\g_MT_multlinerow_int=\count394
\l_MT_multwidth_dim=\dimen348
\origjot=\skip82
\l_MT_shortvdotswithinadjustabove_dim=\dimen349
\l_MT_shortvdotswithinadjustbelow_dim=\dimen350
\l_MT_above_intertext_sep=\dimen351
\l_MT_below_intertext_sep=\dimen352
\l_MT_above_shortintertext_sep=\dimen353
\l_MT_below_shortintertext_sep=\dimen354
\xmathstrut@box=\box146
\xmathstrut@dim=\dimen355
) (/usr/share/texlive/texmf-dist/tex/generic/tikz-cd/tikzlibrarycd.code.tex (/usr/share/texlive/texmf-dist/tex/generic/pgf/frontendlayer/tikz/libraries/tikzlibrarymatrix.code.tex
File: tikzlibrarymatrix.code.tex 2021/05/15 v3.1.9a (3.1.9a)
) (/usr/share/texlive/texmf-dist/tex/generic/pgf/frontendlayer/tikz/libraries/tikzlibraryquotes.code.tex
File: tikzlibraryquotes.code.tex 2021/05/15 v3.1.9a (3.1.9a)
) (/usr/share/texlive/texmf-dist/tex/generic/pgf/libraries/pgflibraryarrows.meta.code.tex
File: pgflibraryarrows.meta.code.tex 2021/05/15 v3.1.9a (3.1.9a)
\pgfarrowinset=\dimen356
\pgfarrowlength=\dimen357
\pgfarrowwidth=\dimen358
\pgfarrowlinewidth=\dimen359
)) (/usr/share/texlive/texmf-dist/tex/generic/pgf/frontendlayer/tikz/libraries/tikzlibrarydecorations.pathreplacing.code.tex (/usr/share/texlive/texmf-dist/tex/generic/pgf/frontendlayer/tikz/libraries/tikzlibrarydecorations.code.tex (/usr/share/texlive/texmf-dist/tex/generic/pgf/modules/pgfmoduledecorations.code.tex
\pgfdecoratedcompleteddistance=\dimen360
\pgfdecoratedremainingdistance=\dimen361
\pgfdecoratedinputsegmentcompleteddistance=\dimen362
\pgfdecoratedinputsegmentremainingdistance=\dimen363
\pgf@decorate@distancetomove=\dimen364
\pgf@decorate@repeatstate=\count395
\pgfdecorationsegmentamplitude=\dimen365
\pgfdecorationsegmentlength=\dimen366
)
\tikz@lib@dec@box=\box147
) (/usr/share/texlive/texmf-dist/tex/generic/pgf/libraries/decorations/pgflibrarydecorations.pathreplacing.code.tex)) (/usr/share/texlive/texmf-dist/tex/generic/pgf/frontendlayer/tikz/libraries/tikzlibrarycalc.code.tex
File: tikzlibrarycalc.code.tex 2021/05/15 v3.1.9a (3.1.9a)
) (/usr/share/texlive/texmf-dist/tex/generic/pgf/frontendlayer/tikz/libraries/tikzlibrarypositioning.code.tex
File: tikzlibrarypositioning.code.tex 2021/05/15 v3.1.9a (3.1.9a)
) (/usr/share/texlive/texmf-dist/tex/generic/pgf/frontendlayer/tikz/libraries/tikzlibraryfit.code.tex
File: tikzlibraryfit.code.tex 2021/05/15 v3.1.9a (3.1.9a)
) (/usr/share/texlive/texmf-dist/tex/generic/pgf/frontendlayer/tikz/libraries/tikzlibraryshapes.symbols.code.tex
File: tikzlibraryshapes.symbols.code.tex 2021/05/15 v3.1.9a (3.1.9a)
 (/usr/share/texlive/texmf-dist/tex/generic/pgf/libraries/shapes/pgflibraryshapes.symbols.code.tex
File: pgflibraryshapes.symbols.code.tex 2021/05/15 v3.1.9a (3.1.9a)
)) (/usr/share/texlive/texmf-dist/tex/generic/pgf/frontendlayer/tikz/libraries/tikzlibrarydecorations.pathmorphing.code.tex (/usr/share/texlive/texmf-dist/tex/generic/pgf/libraries/decorations/pgflibrarydecorations.pathmorphing.code.tex)) (/usr/share/texlive/texmf-dist/tex/generic/pgf/frontendlayer/tikz/libraries/tikzlibraryshapes.misc.code.tex
File: tikzlibraryshapes.misc.code.tex 2021/05/15 v3.1.9a (3.1.9a)
 (/usr/share/texlive/texmf-dist/tex/generic/pgf/libraries/shapes/pgflibraryshapes.misc.code.tex
File: pgflibraryshapes.misc.code.tex 2021/05/15 v3.1.9a (3.1.9a)
)) (/usr/share/texlive/texmf-dist/tex/generic/pgf/frontendlayer/tikz/libraries/tikzlibrarybackgrounds.code.tex
File: tikzlibrarybackgrounds.code.tex 2021/05/15 v3.1.9a (3.1.9a)
\pgf@layerbox@background=\box148
\pgf@layerboxsaved@background=\box149
) (/usr/share/texlive/texmf-dist/tex/generic/pgf/frontendlayer/tikz/libraries/tikzlibrarydecorations.markings.code.tex (/usr/share/texlive/texmf-dist/tex/generic/pgf/libraries/decorations/pgflibrarydecorations.markings.code.tex)) (/usr/share/texlive/texmf-dist/tex/generic/pgf/frontendlayer/tikz/libraries/tikzlibrarymath.code.tex (/usr/share/texlive/texmf-dist/tex/generic/pgf/frontendlayer/tikz/libraries/tikzlibraryfpu.code.tex (/usr/share/texlive/texmf-dist/tex/generic/pgf/libraries/pgflibraryfpu.code.tex))
\tikz@math@for@depth=\count396
\tikz@math@dimen=\dimen367
\tikz@math@toks=\toks61
)
\myl=\skip83
\myh=\skip84
\myd=\skip85
\c@aaa=\count397
LaTeX Font Info:    Trying to load font information for U+msa on input line 142.
 (/usr/share/texlive/texmf-dist/tex/latex/amsfonts/umsa.fd
File: umsa.fd 2013/01/14 v3.01 AMS symbols A
)
LaTeX Font Info:    Trying to load font information for U+msb on input line 142.
 (/usr/share/texlive/texmf-dist/tex/latex/amsfonts/umsb.fd
File: umsb.fd 2013/01/14 v3.01 AMS symbols B
)
LaTeX Font Info:    Trying to load font information for U+wasy on input line 142.
 (/usr/share/texlive/texmf-dist/tex/latex/wasysym/uwasy.fd
File: uwasy.fd 2020/01/19 v2.4 Wasy-2 symbol font definitions
)
LaTeX Font Info:    Trying to load font information for OT1+mathkerncmss on input line 142.
 (/usr/share/texlive/texmf-dist/tex/latex/sansmathaccent/ot1mathkerncmss.fd
File: ot1mathkerncmss.fd 2020/01/31 Fontinst v1.933 font definitions for OT1/mathkerncmss.
)

LaTeX Font Warning: Font shape `U/wasy/b/n' in size <8> not available
(Font)              Font shape `U/wasy/m/n' tried instead on input line 142.


LaTeX Font Warning: Font shape `U/wasy/b/n' in size <6> not available
(Font)              Font shape `U/wasy/m/n' tried instead on input line 142.

) (/usr/share/texlive/texmf-dist/tex/latex/beamer/beamerfontthemeserif.sty) (/usr/share/texlive/texmf-dist/tex/latex/textpos/textpos.sty
Package: textpos 2020/09/26 v1.10

Package: textpos 2020/09/26 1.10, absolute positioning of text on the page
Package textpos Info: choosing support for LaTeX3 on input line 61.
\TP@textbox=\box150
\TP@holdbox=\box151
\TPHorizModule=\dimen368
\TPVertModule=\dimen369
\TP@margin=\dimen370
\TP@absmargin=\dimen371
Grid set 16 x 16 = 28.45274pt x 21.33955pt
\TPboxrulesize=\dimen372
\TP@ox=\dimen373
\TP@oy=\dimen374
\TP@tbargs=\toks62
TextBlockOrigin set to 0pt x 0pt
)
LaTeX Info: Redefining \HepProcess on input line 61.
LaTeX Info: Redefining \HepProcess on input line 85.
Package csquotes Info: Checking for multilingual support...
Package csquotes Info: ... found 'babel' package.
Package csquotes Info: Adjusting default style.
Package csquotes Info: Redefining alias 'default' -> 'english'.
 (./talk.aux)
\openout1 = `talk.aux'.

LaTeX Font Info:    Checking defaults for OML/cmm/m/it on input line 85.
LaTeX Font Info:    ... okay on input line 85.
LaTeX Font Info:    Checking defaults for OMS/cmsy/m/n on input line 85.
LaTeX Font Info:    ... okay on input line 85.
LaTeX Font Info:    Checking defaults for OT1/cmr/m/n on input line 85.
LaTeX Font Info:    ... okay on input line 85.
LaTeX Font Info:    Checking defaults for T1/cmr/m/n on input line 85.
LaTeX Font Info:    ... okay on input line 85.
LaTeX Font Info:    Checking defaults for TS1/cmr/m/n on input line 85.
LaTeX Font Info:    ... okay on input line 85.
LaTeX Font Info:    Checking defaults for OMX/cmex/m/n on input line 85.
LaTeX Font Info:    ... okay on input line 85.
LaTeX Font Info:    Checking defaults for U/cmr/m/n on input line 85.
LaTeX Font Info:    ... okay on input line 85.
LaTeX Font Info:    Checking defaults for PD1/pdf/m/n on input line 85.
LaTeX Font Info:    ... okay on input line 85.
LaTeX Font Info:    Checking defaults for PU/pdf/m/n on input line 85.
LaTeX Font Info:    ... okay on input line 85.

*geometry* driver: auto-detecting
*geometry* detected driver: pdftex
*geometry* verbose mode - [ preamble ] result:
* driver: pdftex
* paper: custom
* layout: <same size as paper>
* layoutoffset:(h,v)=(0.0pt,0.0pt)
* modes: includehead includefoot 
* h-part:(L,W,R)=(28.45274pt, 398.3386pt, 28.45274pt)
* v-part:(T,H,B)=(0.0pt, 341.43306pt, 0.0pt)
* \paperwidth=455.24408pt
* \paperheight=341.43306pt
* \textwidth=398.3386pt
* \textheight=312.98033pt
* \oddsidemargin=-43.81725pt
* \evensidemargin=-43.81725pt
* \topmargin=-72.26999pt
* \headheight=14.22636pt
* \headsep=0.0pt
* \topskip=11.0pt
* \footskip=14.22636pt
* \marginparwidth=4.0pt
* \marginparsep=10.0pt
* \columnsep=10.0pt
* \skip\footins=10.0pt plus 4.0pt minus 2.0pt
* \hoffset=0.0pt
* \voffset=0.0pt
* \mag=1000
* \@twocolumnfalse
* \@twosidefalse
* \@mparswitchfalse
* \@reversemarginfalse
* (1in=72.27pt=25.4mm, 1cm=28.453pt)

(/usr/share/texlive/texmf-dist/tex/context/base/mkii/supp-pdf.mkii
[Loading MPS to PDF converter (version 2006.09.02).]
\scratchcounter=\count398
\scratchdimen=\dimen375
\scratchbox=\box152
\nofMPsegments=\count399
\nofMParguments=\count400
\everyMPshowfont=\toks63
\MPscratchCnt=\count401
\MPscratchDim=\dimen376
\MPnumerator=\count402
\makeMPintoPDFobject=\count403
\everyMPtoPDFconversion=\toks64
) (/usr/share/texlive/texmf-dist/tex/latex/epstopdf-pkg/epstopdf-base.sty
Package: epstopdf-base 2020-01-24 v2.11 Base part for package epstopdf
 (/usr/share/texlive/texmf-dist/tex/latex/grfext/grfext.sty
Package: grfext 2019/12/03 v1.3 Manage graphics extensions (HO)
)
Package epstopdf-base Info: Redefining graphics rule for `.eps' on input line 485.
Package grfext Info: Graphics extension search list:
(grfext)             [.pdf,.png,.jpg,.mps,.jpeg,.jbig2,.jb2,.PDF,.PNG,.JPG,.JPEG,.JBIG2,.JB2,.eps]
(grfext)             \AppendGraphicsExtensions on input line 504.
 (/usr/share/texlive/texmf-dist/tex/latex/latexconfig/epstopdf-sys.cfg
File: epstopdf-sys.cfg 2010/07/13 v1.3 Configuration of (r)epstopdf for TeX Live
))
Package hyperref Info: Link coloring OFF on input line 85.
 (/usr/share/texlive/texmf-dist/tex/latex/hyperref/nameref.sty
Package: nameref 2021-04-02 v2.47 Cross-referencing by name of section
 (/usr/share/texlive/texmf-dist/tex/latex/refcount/refcount.sty
Package: refcount 2019/12/15 v3.6 Data extraction from label references (HO)
) (/usr/share/texlive/texmf-dist/tex/generic/gettitlestring/gettitlestring.sty
Package: gettitlestring 2019/12/15 v1.6 Cleanup title references (HO)
)
\c@section@level=\count404
)
LaTeX Info: Redefining \ref on input line 85.
LaTeX Info: Redefining \pageref on input line 85.
LaTeX Info: Redefining \nameref on input line 85.
 (./talk.out) (./talk.out)
\@outlinefile=\write5
\openout5 = `talk.out'.

 (/usr/share/texlive/texmf-dist/tex/latex/translator/translator-basic-dictionary-English.dict
Dictionary: translator-basic-dictionary, Language: English 
) (/usr/share/texlive/texmf-dist/tex/latex/translator/translator-bibliography-dictionary-English.dict
Dictionary: translator-bibliography-dictionary, Language: English 
) (/usr/share/texlive/texmf-dist/tex/latex/translator/translator-environment-dictionary-English.dict
Dictionary: translator-environment-dictionary, Language: English 
) (/usr/share/texlive/texmf-dist/tex/latex/translator/translator-months-dictionary-English.dict
Dictionary: translator-months-dictionary, Language: English 
) (/usr/share/texlive/texmf-dist/tex/latex/translator/translator-numbers-dictionary-English.dict
Dictionary: translator-numbers-dictionary, Language: English 
) (/usr/share/texlive/texmf-dist/tex/latex/translator/translator-theorem-dictionary-English.dict
Dictionary: translator-theorem-dictionary, Language: English 
) (/usr/share/texlive/texmf-dist/tex/latex/translations/translations-basic-dictionary-english.trsl
File: translations-basic-dictionary-english.trsl (english translation file `translations-basic-dictionary')
)
Package translations Info: loading dictionary `translations-basic-dictionary' for `english'. on input line 85.
 (./talk.nav)

pdfTeX warning: pdflatex (file ../logos/unimi_logo.pdf): PDF inclusion: found PDF version <1.7>, but at most version <1.5> allowed
<../logos/unimi_logo.pdf, id=33, 597.23125pt x 845.1575pt>
File: ../logos/unimi_logo.pdf Graphic file (type pdf)
<use ../logos/unimi_logo.pdf>
Package pdftex.def Info: ../logos/unimi_logo.pdf  used on input line 87.
(pdftex.def)             Requested size: 80.42224pt x 113.81102pt.
<../logos/tii_logo.png, id=34, 596.9502pt x 844.8363pt>
File: ../logos/tii_logo.png Graphic file (type png)
<use ../logos/tii_logo.png>
Package pdftex.def Info: ../logos/tii_logo.png  used on input line 87.
(pdftex.def)             Requested size: 80.41173pt x 113.81102pt.
<../logos/infn_logo.png, id=36, 596.9502pt x 844.8363pt>
File: ../logos/infn_logo.png Graphic file (type png)
<use ../logos/infn_logo.png>
Package pdftex.def Info: ../logos/infn_logo.png  used on input line 87.
(pdftex.def)             Requested size: 80.41173pt x 113.81102pt.

Overfull \vbox (358.96672pt too high) detected at line 87
 []


LaTeX Font Warning: Font shape `T1/cmss/m/sc' undefined
(Font)              using `T1/cmss/m/n' instead on input line 87.


LaTeX Font Warning: Font shape `T1/cmss/bx/sc' undefined
(Font)              using `T1/cmss/bx/n' instead on input line 87.


Overfull \vbox (15.63992pt too high) detected at line 87
 []

LaTeX Info: Redefining \HepProcess on input line 87.
[1

{/var/lib/texmf/fonts/map/pdftex/updmap/pdftex.map} <../logos/unimi_logo.pdf> <../logos/tii_logo.png> <../logos/infn_logo.png>] (./talk.toc)
LaTeX Info: Redefining \HepProcess on input line 91.
 [2

]
LaTeX Info: Redefining \HepProcess on input line 92.
LaTeX Info: Redefining \HepProcess on input line 92.
 [3

]
<figures/sherpa-sim.jpg, id=73, 338.32593pt x 308.26672pt>
File: figures/sherpa-sim.jpg Graphic file (type jpg)
<use figures/sherpa-sim.jpg>
Package pdftex.def Info: figures/sherpa-sim.jpg  used on input line 99.
(pdftex.def)             Requested size: 239.00558pt x 217.77492pt.
LaTeX Info: Redefining \HepProcess on input line 99.
 [4

 <./figures/sherpa-sim.jpg>]
<figures/ml_papers.png, id=80, 1665.22125pt x 523.9575pt>
File: figures/ml_papers.png Graphic file (type png)
<use figures/ml_papers.png>
Package pdftex.def Info: figures/ml_papers.png  used on input line 112.
(pdftex.def)             Requested size: 398.3386pt x 125.33662pt.
LaTeX Info: Redefining \HepProcess on input line 112.
 [5

 <./figures/ml_papers.png>]
LaTeX Info: Redefining \HepProcess on input line 113.
LaTeX Info: Redefining \HepProcess on input line 113.
 [6

]
<figures/gan_image.jpg, id=93, 807.015pt x 633.36626pt>
File: figures/gan_image.jpg Graphic file (type jpg)
<use figures/gan_image.jpg>
Package pdftex.def Info: figures/gan_image.jpg  used on input line 122.
(pdftex.def)             Requested size: 318.67209pt x 250.10445pt.

Overfull \vbox (17.53152pt too high) detected at line 122
 []

LaTeX Info: Redefining \HepProcess on input line 122.
[7

 <./figures/gan_image.jpg (PNG copy)>]
LaTeX Font Info:    Trying to load font information for TS1+cmss on input line 155.
 (/usr/share/texlive/texmf-dist/tex/latex/base/ts1cmss.fd
File: ts1cmss.fd 2019/12/16 v2.5j Standard LaTeX font definitions
)
LaTeX Info: Redefining \HepProcess on input line 155.
 [8

]
LaTeX Info: Redefining \HepProcess on input line 171.
 [9

]
<figures/qGAN.png, id=121, 1717.41624pt x 757.83125pt>
File: figures/qGAN.png Graphic file (type png)
<use figures/qGAN.png>
Package pdftex.def Info: figures/qGAN.png  used on input line 177.
(pdftex.def)             Requested size: 398.3386pt x 175.76608pt.
LaTeX Info: Redefining \HepProcess on input line 177.
 [10

 <./figures/qGAN.png>]
<figures/ansatz.png, id=128, 2007.5pt x 781.92125pt>
File: figures/ansatz.png Graphic file (type png)
<use figures/ansatz.png>
Package pdftex.def Info: figures/ansatz.png  used on input line 200.
(pdftex.def)             Requested size: 278.83578pt x 108.59724pt.
LaTeX Info: Redefining \HepProcess on input line 200.
 [11

 <./figures/ansatz.png>]
LaTeX Info: Redefining \HepProcess on input line 201.
LaTeX Info: Redefining \HepProcess on input line 201.
 [12

]
<figures/plots/1Dgamma/1Dgamma_distribution_10k.pdf, id=140, 395.3489pt x 225.66684pt>
File: figures/plots/1Dgamma/1Dgamma_distribution_10k.pdf Graphic file (type pdf)
<use figures/plots/1Dgamma/1Dgamma_distribution_10k.pdf>
Package pdftex.def Info: figures/plots/1Dgamma/1Dgamma_distribution_10k.pdf  used on input line 216.
(pdftex.def)             Requested size: 199.1693pt x 113.68709pt.
<figures/plots/1Dgamma/1Dgamma_distribution_100k.pdf, id=141, 395.3489pt x 225.66684pt>
File: figures/plots/1Dgamma/1Dgamma_distribution_100k.pdf Graphic file (type pdf)
<use figures/plots/1Dgamma/1Dgamma_distribution_100k.pdf>
Package pdftex.def Info: figures/plots/1Dgamma/1Dgamma_distribution_100k.pdf  used on input line 216.
(pdftex.def)             Requested size: 199.1693pt x 113.68709pt.

Overfull \hbox (5.0pt too wide) in paragraph at lines 216--216
[][] 
 []


Overfull \hbox (5.0pt too wide) in paragraph at lines 216--216
[]  
 []

LaTeX Info: Redefining \HepProcess on input line 216.
[13

 <./figures/plots/1Dgamma/1Dgamma_distribution_10k.pdf> <./figures/plots/1Dgamma/1Dgamma_distribution_100k.pdf

pdfTeX warning: pdflatex (file ./figures/plots/1Dgamma/1Dgamma_distribution_100k.pdf): PDF inclusion: multiple pdfs with page group included in a single page
>]
<figures/plots/3Dgaussian_posdef/1-distribution_3dgaussian_100k.pdf, id=241, 284.77328pt x 239.54367pt>
File: figures/plots/3Dgaussian_posdef/1-distribution_3dgaussian_100k.pdf Graphic file (type pdf)
<use figures/plots/3Dgaussian_posdef/1-distribution_3dgaussian_100k.pdf>
Package pdftex.def Info: figures/plots/3Dgaussian_posdef/1-distribution_3dgaussian_100k.pdf  used on input line 242.
(pdftex.def)             Requested size: 131.45245pt x 110.57521pt.
<figures/plots/3Dgaussian_posdef/2-distribution_3dgaussian_100k.pdf, id=242, 284.77328pt x 240.92383pt>
File: figures/plots/3Dgaussian_posdef/2-distribution_3dgaussian_100k.pdf Graphic file (type pdf)
<use figures/plots/3Dgaussian_posdef/2-distribution_3dgaussian_100k.pdf>
Package pdftex.def Info: figures/plots/3Dgaussian_posdef/2-distribution_3dgaussian_100k.pdf  used on input line 242.
(pdftex.def)             Requested size: 131.45245pt x 111.2123pt.
<figures/plots/3Dgaussian_posdef/3-distribution_3dgaussian_100k.pdf, id=243, 284.77328pt x 239.54367pt>
File: figures/plots/3Dgaussian_posdef/3-distribution_3dgaussian_100k.pdf Graphic file (type pdf)
<use figures/plots/3Dgaussian_posdef/3-distribution_3dgaussian_100k.pdf>
Package pdftex.def Info: figures/plots/3Dgaussian_posdef/3-distribution_3dgaussian_100k.pdf  used on input line 242.
(pdftex.def)             Requested size: 131.45245pt x 110.57521pt.

Overfull \hbox (5.3396pt too wide) in paragraph at lines 242--242
[][] 
 []


Overfull \hbox (5.3396pt too wide) in paragraph at lines 242--242
[] 
 []


Overfull \hbox (5.3396pt too wide) in paragraph at lines 242--242
[]  
 []

LaTeX Info: Redefining \HepProcess on input line 242.
[14

 <./figures/plots/3Dgaussian_posdef/1-distribution_3dgaussian_100k.pdf> <./figures/plots/3Dgaussian_posdef/2-distribution_3dgaussian_100k.pdf

pdfTeX warning: pdflatex (file ./figures/plots/3Dgaussian_posdef/2-distribution_3dgaussian_100k.pdf): PDF inclusion: multiple pdfs with page group included in a single page
> <./figures/plots/3Dgaussian_posdef/3-distribution_3dgaussian_100k.pdf

pdfTeX warning: pdflatex (file ./figures/plots/3Dgaussian_posdef/3-distribution_3dgaussian_100k.pdf): PDF inclusion: multiple pdfs with page group included in a single page
>]
<figures/plots/3Dgaussian_posdef/1-2_FAKE_100k.pdf, id=378, 274.78496pt x 225.66684pt>
File: figures/plots/3Dgaussian_posdef/1-2_FAKE_100k.pdf Graphic file (type pdf)
<use figures/plots/3Dgaussian_posdef/1-2_FAKE_100k.pdf>
Package pdftex.def Info: figures/plots/3Dgaussian_posdef/1-2_FAKE_100k.pdf  used on input line 270.
(pdftex.def)             Requested size: 131.45245pt x 107.95384pt.
<figures/plots/3Dgaussian_posdef/2-3_FAKE_100k.pdf, id=379, 274.78496pt x 225.66684pt>
File: figures/plots/3Dgaussian_posdef/2-3_FAKE_100k.pdf Graphic file (type pdf)
<use figures/plots/3Dgaussian_posdef/2-3_FAKE_100k.pdf>
Package pdftex.def Info: figures/plots/3Dgaussian_posdef/2-3_FAKE_100k.pdf  used on input line 270.
(pdftex.def)             Requested size: 131.45245pt x 107.95384pt.
<figures/plots/3Dgaussian_posdef/3-1_FAKE_100k.pdf, id=380, 274.78496pt x 225.66684pt>
File: figures/plots/3Dgaussian_posdef/3-1_FAKE_100k.pdf Graphic file (type pdf)
<use figures/plots/3Dgaussian_posdef/3-1_FAKE_100k.pdf>
Package pdftex.def Info: figures/plots/3Dgaussian_posdef/3-1_FAKE_100k.pdf  used on input line 270.
(pdftex.def)             Requested size: 131.45245pt x 107.95384pt.

Overfull \hbox (5.3396pt too wide) in paragraph at lines 270--270
[][] 
 []


Overfull \hbox (5.3396pt too wide) in paragraph at lines 270--270
[] 
 []


Overfull \hbox (5.3396pt too wide) in paragraph at lines 270--270
[]  
 []

LaTeX Info: Redefining \HepProcess on input line 270.
[15

 <./figures/plots/3Dgaussian_posdef/1-2_FAKE_100k.pdf> <./figures/plots/3Dgaussian_posdef/2-3_FAKE_100k.pdf

pdfTeX warning: pdflatex (file ./figures/plots/3Dgaussian_posdef/2-3_FAKE_100k.pdf): PDF inclusion: multiple pdfs with page group included in a single page
> <./figures/plots/3Dgaussian_posdef/3-1_FAKE_100k.pdf

pdfTeX warning: pdflatex (file ./figures/plots/3Dgaussian_posdef/3-1_FAKE_100k.pdf): PDF inclusion: multiple pdfs with page group included in a single page
>]
<figures/plots/3Dgaussian_posdef/1-2_RATIO_100k.pdf, id=489, 262.01851pt x 223.7848pt>
File: figures/plots/3Dgaussian_posdef/1-2_RATIO_100k.pdf Graphic file (type pdf)
<use figures/plots/3Dgaussian_posdef/1-2_RATIO_100k.pdf>
Package pdftex.def Info: figures/plots/3Dgaussian_posdef/1-2_RATIO_100k.pdf  used on input line 298.
(pdftex.def)             Requested size: 131.45245pt x 112.27115pt.
<figures/plots/3Dgaussian_posdef/2-3_RATIO_100k.pdf, id=490, 262.01851pt x 223.7848pt>
File: figures/plots/3Dgaussian_posdef/2-3_RATIO_100k.pdf Graphic file (type pdf)
<use figures/plots/3Dgaussian_posdef/2-3_RATIO_100k.pdf>
Package pdftex.def Info: figures/plots/3Dgaussian_posdef/2-3_RATIO_100k.pdf  used on input line 298.
(pdftex.def)             Requested size: 131.45245pt x 112.27115pt.
<figures/plots/3Dgaussian_posdef/3-1_RATIO_100k.pdf, id=491, 262.01851pt x 223.7848pt>
File: figures/plots/3Dgaussian_posdef/3-1_RATIO_100k.pdf Graphic file (type pdf)
<use figures/plots/3Dgaussian_posdef/3-1_RATIO_100k.pdf>
Package pdftex.def Info: figures/plots/3Dgaussian_posdef/3-1_RATIO_100k.pdf  used on input line 298.
(pdftex.def)             Requested size: 131.45245pt x 112.27115pt.

Overfull \hbox (5.3396pt too wide) in paragraph at lines 298--298
[][] 
 []


Overfull \hbox (5.3396pt too wide) in paragraph at lines 298--298
[] 
 []


Overfull \hbox (5.3396pt too wide) in paragraph at lines 298--298
[]  
 []

LaTeX Info: Redefining \HepProcess on input line 298.
[16

 <./figures/plots/3Dgaussian_posdef/1-2_RATIO_100k.pdf> <./figures/plots/3Dgaussian_posdef/2-3_RATIO_100k.pdf

pdfTeX warning: pdflatex (file ./figures/plots/3Dgaussian_posdef/2-3_RATIO_100k.pdf): PDF inclusion: multiple pdfs with page group included in a single page
> <./figures/plots/3Dgaussian_posdef/3-1_RATIO_100k.pdf

pdfTeX warning: pdflatex (file ./figures/plots/3Dgaussian_posdef/3-1_RATIO_100k.pdf): PDF inclusion: multiple pdfs with page group included in a single page
>]
<figures/ppttbar.png, id=601, 1518.67375pt x 332.24126pt>
File: figures/ppttbar.png Graphic file (type png)
<use figures/ppttbar.png>
Package pdftex.def Info: figures/ppttbar.png  used on input line 309.
(pdftex.def)             Requested size: 398.3386pt x 87.14111pt.
LaTeX Info: Redefining \HepProcess on input line 309.
 [17

 <./figures/ppttbar.png>]

Package multicol Warning: multicols* inside a box does not make sense.
(multicol)                Going to balance anyway on input line 326.

<figures/plots/LHCttbar/s-distribution_LHCdata_100k.pdf, id=608, 284.77328pt x 229.33679pt>
File: figures/plots/LHCttbar/s-distribution_LHCdata_100k.pdf Graphic file (type pdf)
<use figures/plots/LHCttbar/s-distribution_LHCdata_100k.pdf>
Package pdftex.def Info: figures/plots/LHCttbar/s-distribution_LHCdata_100k.pdf  used on input line 326.
(pdftex.def)             Requested size: 131.45245pt x 105.86363pt.
<figures/plots/LHCttbar/t-distribution_LHCdata_100k.pdf, id=609, 284.77328pt x 229.33679pt>
File: figures/plots/LHCttbar/t-distribution_LHCdata_100k.pdf Graphic file (type pdf)
<use figures/plots/LHCttbar/t-distribution_LHCdata_100k.pdf>
Package pdftex.def Info: figures/plots/LHCttbar/t-distribution_LHCdata_100k.pdf  used on input line 326.
(pdftex.def)             Requested size: 131.45245pt x 105.86363pt.
<figures/plots/LHCttbar/y-distribution_LHCdata_100k.pdf, id=610, 284.77328pt x 225.66684pt>
File: figures/plots/LHCttbar/y-distribution_LHCdata_100k.pdf Graphic file (type pdf)
<use figures/plots/LHCttbar/y-distribution_LHCdata_100k.pdf>
Package pdftex.def Info: figures/plots/LHCttbar/y-distribution_LHCdata_100k.pdf  used on input line 326.
(pdftex.def)             Requested size: 131.45245pt x 104.16956pt.

Overfull \hbox (5.3396pt too wide) in paragraph at lines 326--326
[][] 
 []


Overfull \hbox (5.3396pt too wide) in paragraph at lines 326--326
[] 
 []


Overfull \hbox (5.3396pt too wide) in paragraph at lines 326--326
[]  
 []

LaTeX Info: Redefining \HepProcess on input line 326.
[18

 <./figures/plots/LHCttbar/s-distribution_LHCdata_100k.pdf> <./figures/plots/LHCttbar/t-distribution_LHCdata_100k.pdf

pdfTeX warning: pdflatex (file ./figures/plots/LHCttbar/t-distribution_LHCdata_100k.pdf): PDF inclusion: multiple pdfs with page group included in a single page
> <./figures/plots/LHCttbar/y-distribution_LHCdata_100k.pdf

pdfTeX warning: pdflatex (file ./figures/plots/LHCttbar/y-distribution_LHCdata_100k.pdf): PDF inclusion: multiple pdfs with page group included in a single page
>]

Package multicol Warning: multicols* inside a box does not make sense.
(multicol)                Going to balance anyway on input line 345.

<figures/plots/LHCttbar/s-t_FAKE_100k.pdf, id=754, 288.42969pt x 229.33679pt>
File: figures/plots/LHCttbar/s-t_FAKE_100k.pdf Graphic file (type pdf)
<use figures/plots/LHCttbar/s-t_FAKE_100k.pdf>
Package pdftex.def Info: figures/plots/LHCttbar/s-t_FAKE_100k.pdf  used on input line 345.
(pdftex.def)             Requested size: 131.45245pt x 104.51987pt.
<figures/plots/LHCttbar/t-y_FAKE_100k.pdf, id=755, 268.40173pt x 229.33679pt>
File: figures/plots/LHCttbar/t-y_FAKE_100k.pdf Graphic file (type pdf)
<use figures/plots/LHCttbar/t-y_FAKE_100k.pdf>
Package pdftex.def Info: figures/plots/LHCttbar/t-y_FAKE_100k.pdf  used on input line 345.
(pdftex.def)             Requested size: 131.45245pt x 112.32352pt.
<figures/plots/LHCttbar/y-s_FAKE_100k.pdf, id=756, 280.39969pt x 225.66684pt>
File: figures/plots/LHCttbar/y-s_FAKE_100k.pdf Graphic file (type pdf)
<use figures/plots/LHCttbar/y-s_FAKE_100k.pdf>
Package pdftex.def Info: figures/plots/LHCttbar/y-s_FAKE_100k.pdf  used on input line 345.
(pdftex.def)             Requested size: 131.45245pt x 105.79483pt.

Overfull \hbox (5.3396pt too wide) in paragraph at lines 345--345
[][] 
 []


Overfull \hbox (5.3396pt too wide) in paragraph at lines 345--345
[] 
 []


Overfull \hbox (5.3396pt too wide) in paragraph at lines 345--345
[]  
 []

LaTeX Info: Redefining \HepProcess on input line 345.
[19

 <./figures/plots/LHCttbar/s-t_FAKE_100k.pdf> <./figures/plots/LHCttbar/t-y_FAKE_100k.pdf

pdfTeX warning: pdflatex (file ./figures/plots/LHCttbar/t-y_FAKE_100k.pdf): PDF inclusion: multiple pdfs with page group included in a single page
> <./figures/plots/LHCttbar/y-s_FAKE_100k.pdf

pdfTeX warning: pdflatex (file ./figures/plots/LHCttbar/y-s_FAKE_100k.pdf): PDF inclusion: multiple pdfs with page group included in a single page
>]

Package multicol Warning: multicols* inside a box does not make sense.
(multicol)                Going to balance anyway on input line 362.

<figures/plots/LHCttbar/s-t_RATIO_100k.pdf, id=891, 275.66324pt x 227.45476pt>
File: figures/plots/LHCttbar/s-t_RATIO_100k.pdf Graphic file (type pdf)
<use figures/plots/LHCttbar/s-t_RATIO_100k.pdf>
Package pdftex.def Info: figures/plots/LHCttbar/s-t_RATIO_100k.pdf  used on input line 362.
(pdftex.def)             Requested size: 131.45245pt x 108.46555pt.
<figures/plots/LHCttbar/t-y_RATIO_100k.pdf, id=892, 262.01851pt x 227.45476pt>
File: figures/plots/LHCttbar/t-y_RATIO_100k.pdf Graphic file (type pdf)
<use figures/plots/LHCttbar/t-y_RATIO_100k.pdf>
Package pdftex.def Info: figures/plots/LHCttbar/t-y_RATIO_100k.pdf  used on input line 362.
(pdftex.def)             Requested size: 131.45245pt x 114.11234pt.
<figures/plots/LHCttbar/y-s_RATIO_100k.pdf, id=893, 267.63324pt x 223.7848pt>
File: figures/plots/LHCttbar/y-s_RATIO_100k.pdf Graphic file (type pdf)
<use figures/plots/LHCttbar/y-s_RATIO_100k.pdf>
Package pdftex.def Info: figures/plots/LHCttbar/y-s_RATIO_100k.pdf  used on input line 362.
(pdftex.def)             Requested size: 131.45245pt x 109.91843pt.

Overfull \hbox (5.3396pt too wide) in paragraph at lines 362--362
[][] 
 []


Overfull \hbox (5.3396pt too wide) in paragraph at lines 362--362
[] 
 []


Overfull \hbox (5.3396pt too wide) in paragraph at lines 362--362
[]  
 []

LaTeX Info: Redefining \HepProcess on input line 362.
[20

 <./figures/plots/LHCttbar/s-t_RATIO_100k.pdf> <./figures/plots/LHCttbar/t-y_RATIO_100k.pdf

pdfTeX warning: pdflatex (file ./figures/plots/LHCttbar/t-y_RATIO_100k.pdf): PDF inclusion: multiple pdfs with page group included in a single page
> <./figures/plots/LHCttbar/y-s_RATIO_100k.pdf

pdfTeX warning: pdflatex (file ./figures/plots/LHCttbar/y-s_RATIO_100k.pdf): PDF inclusion: multiple pdfs with page group included in a single page
>]
<figures/Qibo.png, id=1024, 1688.3075pt x 1069.9975pt>
File: figures/Qibo.png Graphic file (type png)
<use figures/Qibo.png>
Package pdftex.def Info: figures/Qibo.png  used on input line 369.
(pdftex.def)             Requested size: 398.3386pt x 252.44537pt.

Overfull \vbox (17.13556pt too high) detected at line 369
 []

LaTeX Info: Redefining \HepProcess on input line 369.
[21

 <./figures/Qibo.png>]
<figures/map.png, id=1031, 2204.235pt x 1218.5525pt>
File: figures/map.png Graphic file (type png)
<use figures/map.png>
Package pdftex.def Info: figures/map.png  used on input line 377.
(pdftex.def)             Requested size: 318.67209pt x 176.15567pt.
LaTeX Info: Redefining \HepProcess on input line 377.
 [22

 <./figures/map.png>]
LaTeX Info: Redefining \HepProcess on input line 379.
LaTeX Info: Redefining \HepProcess on input line 379.
 [23

]
<figures/ibm.png, id=1043, 2549.525pt x 991.705pt>
File: figures/ibm.png Graphic file (type png)
<use figures/ibm.png>
Package pdftex.def Info: figures/ibm.png  used on input line 389.
(pdftex.def)             Requested size: 398.3386pt x 154.93839pt.
LaTeX Info: Redefining \HepProcess on input line 389.
 [24

 <./figures/ibm.png>]

Package multicol Warning: multicols* inside a box does not make sense.
(multicol)                Going to balance anyway on input line 402.

<figures/ibm5q.png, id=1050, 543.02875pt x 215.80624pt>
File: figures/ibm5q.png Graphic file (type png)
<use figures/ibm5q.png>
Package pdftex.def Info: figures/ibm5q.png  used on input line 402.
(pdftex.def)             Requested size: 147.38333pt x 58.57141pt.

Package multicol Warning: multicols* inside a box does not make sense.
(multicol)                Going to balance anyway on input line 402.

<figures/plots/hardware/ibm_santiago/s-distribution_IBM_LHCdata_100k.pdf, id=1051, 284.77328pt x 229.33679pt>
File: figures/plots/hardware/ibm_santiago/s-distribution_IBM_LHCdata_100k.pdf Graphic file (type pdf)
<use figures/plots/hardware/ibm_santiago/s-distribution_IBM_LHCdata_100k.pdf>
Package pdftex.def Info: figures/plots/hardware/ibm_santiago/s-distribution_IBM_LHCdata_100k.pdf  used on input line 402.
(pdftex.def)             Requested size: 131.45245pt x 105.86363pt.
<figures/plots/hardware/ibm_santiago/t-distribution_IBM_LHCdata_100k.pdf, id=1052, 284.77328pt x 229.33679pt>
File: figures/plots/hardware/ibm_santiago/t-distribution_IBM_LHCdata_100k.pdf Graphic file (type pdf)
<use figures/plots/hardware/ibm_santiago/t-distribution_IBM_LHCdata_100k.pdf>
Package pdftex.def Info: figures/plots/hardware/ibm_santiago/t-distribution_IBM_LHCdata_100k.pdf  used on input line 402.
(pdftex.def)             Requested size: 131.45245pt x 105.86363pt.
<figures/plots/hardware/ibm_santiago/y-distribution_IBM_LHCdata_100k.pdf, id=1053, 284.77328pt x 225.66684pt>
File: figures/plots/hardware/ibm_santiago/y-distribution_IBM_LHCdata_100k.pdf Graphic file (type pdf)
<use figures/plots/hardware/ibm_santiago/y-distribution_IBM_LHCdata_100k.pdf>
Package pdftex.def Info: figures/plots/hardware/ibm_santiago/y-distribution_IBM_LHCdata_100k.pdf  used on input line 402.
(pdftex.def)             Requested size: 131.45245pt x 104.16956pt.

Overfull \hbox (5.3396pt too wide) in paragraph at lines 402--402
[][] 
 []


Overfull \hbox (5.3396pt too wide) in paragraph at lines 402--402
[] 
 []


Overfull \hbox (5.3396pt too wide) in paragraph at lines 402--402
[]  
 []

LaTeX Info: Redefining \HepProcess on input line 402.
[25

 <./figures/ibm5q.png> <./figures/plots/hardware/ibm_santiago/s-distribution_IBM_LHCdata_100k.pdf> <./figures/plots/hardware/ibm_santiago/t-distribution_IBM_LHCdata_100k.pdf

pdfTeX warning: pdflatex (file ./figures/plots/hardware/ibm_santiago/t-distribution_IBM_LHCdata_100k.pdf): PDF inclusion: multiple pdfs with page group included in a single page
> <./figures/plots/hardware/ibm_santiago/y-distribution_IBM_LHCdata_100k.pdf

pdfTeX warning: pdflatex (file ./figures/plots/hardware/ibm_santiago/y-distribution_IBM_LHCdata_100k.pdf): PDF inclusion: multiple pdfs with page group included in a single page
>]

Package multicol Warning: multicols* inside a box does not make sense.
(multicol)                Going to balance anyway on input line 416.

File: figures/ibm5q.png Graphic file (type png)
<use figures/ibm5q.png>
Package pdftex.def Info: figures/ibm5q.png  used on input line 416.
(pdftex.def)             Requested size: 147.38333pt x 58.57141pt.

Package multicol Warning: multicols* inside a box does not make sense.
(multicol)                Going to balance anyway on input line 416.

<figures/plots/hardware/ibm_santiago/s-t_FAKE_IBM_100k.pdf, id=1200, 288.42969pt x 229.33679pt>
File: figures/plots/hardware/ibm_santiago/s-t_FAKE_IBM_100k.pdf Graphic file (type pdf)
<use figures/plots/hardware/ibm_santiago/s-t_FAKE_IBM_100k.pdf>
Package pdftex.def Info: figures/plots/hardware/ibm_santiago/s-t_FAKE_IBM_100k.pdf  used on input line 416.
(pdftex.def)             Requested size: 131.45245pt x 104.51987pt.
<figures/plots/hardware/ibm_santiago/t-y_FAKE_IBM_100k.pdf, id=1201, 268.40173pt x 229.33679pt>
File: figures/plots/hardware/ibm_santiago/t-y_FAKE_IBM_100k.pdf Graphic file (type pdf)
<use figures/plots/hardware/ibm_santiago/t-y_FAKE_IBM_100k.pdf>
Package pdftex.def Info: figures/plots/hardware/ibm_santiago/t-y_FAKE_IBM_100k.pdf  used on input line 416.
(pdftex.def)             Requested size: 131.45245pt x 112.32352pt.
<figures/plots/hardware/ibm_santiago/y-s_FAKE_IBM_100k.pdf, id=1202, 280.39969pt x 225.66684pt>
File: figures/plots/hardware/ibm_santiago/y-s_FAKE_IBM_100k.pdf Graphic file (type pdf)
<use figures/plots/hardware/ibm_santiago/y-s_FAKE_IBM_100k.pdf>
Package pdftex.def Info: figures/plots/hardware/ibm_santiago/y-s_FAKE_IBM_100k.pdf  used on input line 416.
(pdftex.def)             Requested size: 131.45245pt x 105.79483pt.

Overfull \hbox (5.3396pt too wide) in paragraph at lines 416--416
[][] 
 []


Overfull \hbox (5.3396pt too wide) in paragraph at lines 416--416
[] 
 []


Overfull \hbox (5.3396pt too wide) in paragraph at lines 416--416
[]  
 []

LaTeX Info: Redefining \HepProcess on input line 416.
[26

 <./figures/plots/hardware/ibm_santiago/s-t_FAKE_IBM_100k.pdf> <./figures/plots/hardware/ibm_santiago/t-y_FAKE_IBM_100k.pdf

pdfTeX warning: pdflatex (file ./figures/plots/hardware/ibm_santiago/t-y_FAKE_IBM_100k.pdf): PDF inclusion: multiple pdfs with page group included in a single page
> <./figures/plots/hardware/ibm_santiago/y-s_FAKE_IBM_100k.pdf

pdfTeX warning: pdflatex (file ./figures/plots/hardware/ibm_santiago/y-s_FAKE_IBM_100k.pdf): PDF inclusion: multiple pdfs with page group included in a single page
>]

Package multicol Warning: multicols* inside a box does not make sense.
(multicol)                Going to balance anyway on input line 430.

File: figures/ibm5q.png Graphic file (type png)
<use figures/ibm5q.png>
Package pdftex.def Info: figures/ibm5q.png  used on input line 430.
(pdftex.def)             Requested size: 147.38333pt x 58.57141pt.

Package multicol Warning: multicols* inside a box does not make sense.
(multicol)                Going to balance anyway on input line 430.

<figures/plots/hardware/ibm_santiago/s-t_RATIO_IBM_100k.pdf, id=1335, 275.66324pt x 227.45476pt>
File: figures/plots/hardware/ibm_santiago/s-t_RATIO_IBM_100k.pdf Graphic file (type pdf)
<use figures/plots/hardware/ibm_santiago/s-t_RATIO_IBM_100k.pdf>
Package pdftex.def Info: figures/plots/hardware/ibm_santiago/s-t_RATIO_IBM_100k.pdf  used on input line 430.
(pdftex.def)             Requested size: 131.45245pt x 108.46555pt.
<figures/plots/hardware/ibm_santiago/t-y_RATIO_IBM_100k.pdf, id=1336, 262.01851pt x 227.45476pt>
File: figures/plots/hardware/ibm_santiago/t-y_RATIO_IBM_100k.pdf Graphic file (type pdf)
<use figures/plots/hardware/ibm_santiago/t-y_RATIO_IBM_100k.pdf>
Package pdftex.def Info: figures/plots/hardware/ibm_santiago/t-y_RATIO_IBM_100k.pdf  used on input line 430.
(pdftex.def)             Requested size: 131.45245pt x 114.11234pt.
<figures/plots/hardware/ibm_santiago/y-s_RATIO_IBM_100k.pdf, id=1337, 267.63324pt x 223.7848pt>
File: figures/plots/hardware/ibm_santiago/y-s_RATIO_IBM_100k.pdf Graphic file (type pdf)
<use figures/plots/hardware/ibm_santiago/y-s_RATIO_IBM_100k.pdf>
Package pdftex.def Info: figures/plots/hardware/ibm_santiago/y-s_RATIO_IBM_100k.pdf  used on input line 430.
(pdftex.def)             Requested size: 131.45245pt x 109.91843pt.

Overfull \hbox (5.3396pt too wide) in paragraph at lines 430--430
[][] 
 []


Overfull \hbox (5.3396pt too wide) in paragraph at lines 430--430
[] 
 []


Overfull \hbox (5.3396pt too wide) in paragraph at lines 430--430
[]  
 []

LaTeX Info: Redefining \HepProcess on input line 430.
[27

 <./figures/plots/hardware/ibm_santiago/s-t_RATIO_IBM_100k.pdf> <./figures/plots/hardware/ibm_santiago/t-y_RATIO_IBM_100k.pdf

pdfTeX warning: pdflatex (file ./figures/plots/hardware/ibm_santiago/t-y_RATIO_IBM_100k.pdf): PDF inclusion: multiple pdfs with page group included in a single page
> <./figures/plots/hardware/ibm_santiago/y-s_RATIO_IBM_100k.pdf

pdfTeX warning: pdflatex (file ./figures/plots/hardware/ibm_santiago/y-s_RATIO_IBM_100k.pdf): PDF inclusion: multiple pdfs with page group included in a single page
>]

Package multicol Warning: multicols* inside a box does not make sense.
(multicol)                Going to balance anyway on input line 454.


Package multicol Warning: multicols* inside a box does not make sense.
(multicol)                Going to balance anyway on input line 454.

<figures/plots/hardware/ibm_santiago/s-t_FAKE_IBM_1k.pdf, id=1467, 275.66324pt x 229.33679pt>
File: figures/plots/hardware/ibm_santiago/s-t_FAKE_IBM_1k.pdf Graphic file (type pdf)
<use figures/plots/hardware/ibm_santiago/s-t_FAKE_IBM_1k.pdf>
Package pdftex.def Info: figures/plots/hardware/ibm_santiago/s-t_FAKE_IBM_1k.pdf  used on input line 454.
(pdftex.def)             Requested size: 99.58464pt x 82.84813pt.
<figures/plots/hardware/ibm_santiago/t-y_FAKE_IBM_1k.pdf, id=1468, 271.60118pt x 229.33679pt>
File: figures/plots/hardware/ibm_santiago/t-y_FAKE_IBM_1k.pdf Graphic file (type pdf)
<use figures/plots/hardware/ibm_santiago/t-y_FAKE_IBM_1k.pdf>
Package pdftex.def Info: figures/plots/hardware/ibm_santiago/t-y_FAKE_IBM_1k.pdf  used on input line 454.
(pdftex.def)             Requested size: 99.58464pt x 84.08691pt.
<figures/plots/hardware/ibm_santiago/y-s_FAKE_IBM_1k.pdf, id=1469, 277.21591pt x 225.66684pt>
File: figures/plots/hardware/ibm_santiago/y-s_FAKE_IBM_1k.pdf Graphic file (type pdf)
<use figures/plots/hardware/ibm_santiago/y-s_FAKE_IBM_1k.pdf>
Package pdftex.def Info: figures/plots/hardware/ibm_santiago/y-s_FAKE_IBM_1k.pdf  used on input line 454.
(pdftex.def)             Requested size: 99.58464pt x 81.06783pt.

Overfull \hbox (7.5pt too wide) in paragraph at lines 454--454
[] 
 []


Overfull \hbox (7.5pt too wide) in paragraph at lines 454--454
[] 
 []


Overfull \hbox (7.5pt too wide) in paragraph at lines 454--454
[]  
 []


Package multicol Warning: multicols* inside a box does not make sense.
(multicol)                Going to balance anyway on input line 454.

<figures/plots/hardware/ionQ/s-t_FAKE_ionQ_1k.pdf, id=1470, 275.66324pt x 229.33679pt>
File: figures/plots/hardware/ionQ/s-t_FAKE_ionQ_1k.pdf Graphic file (type pdf)
<use figures/plots/hardware/ionQ/s-t_FAKE_ionQ_1k.pdf>
Package pdftex.def Info: figures/plots/hardware/ionQ/s-t_FAKE_ionQ_1k.pdf  used on input line 454.
(pdftex.def)             Requested size: 99.58464pt x 82.84813pt.
<figures/plots/hardware/ionQ/t-y_FAKE_ionQ_1k.pdf, id=1471, 271.60118pt x 229.33679pt>
File: figures/plots/hardware/ionQ/t-y_FAKE_ionQ_1k.pdf Graphic file (type pdf)
<use figures/plots/hardware/ionQ/t-y_FAKE_ionQ_1k.pdf>
Package pdftex.def Info: figures/plots/hardware/ionQ/t-y_FAKE_ionQ_1k.pdf  used on input line 454.
(pdftex.def)             Requested size: 99.58464pt x 84.08691pt.
<figures/plots/hardware/ionQ/y-s_FAKE_ionQ_1k.pdf, id=1472, 277.21591pt x 225.66684pt>
File: figures/plots/hardware/ionQ/y-s_FAKE_ionQ_1k.pdf Graphic file (type pdf)
<use figures/plots/hardware/ionQ/y-s_FAKE_ionQ_1k.pdf>
Package pdftex.def Info: figures/plots/hardware/ionQ/y-s_FAKE_ionQ_1k.pdf  used on input line 454.
(pdftex.def)             Requested size: 99.58464pt x 81.06783pt.

Overfull \hbox (7.5pt too wide) in paragraph at lines 454--454
[] 
 []


Overfull \hbox (7.5pt too wide) in paragraph at lines 454--454
[] 
 []


Overfull \hbox (7.5pt too wide) in paragraph at lines 454--454
[]  
 []

LaTeX Info: Redefining \HepProcess on input line 454.
[28

 <./figures/plots/hardware/ibm_santiago/s-t_FAKE_IBM_1k.pdf> <./figures/plots/hardware/ibm_santiago/t-y_FAKE_IBM_1k.pdf

pdfTeX warning: pdflatex (file ./figures/plots/hardware/ibm_santiago/t-y_FAKE_IBM_1k.pdf): PDF inclusion: multiple pdfs with page group included in a single page
> <./figures/plots/hardware/ibm_santiago/y-s_FAKE_IBM_1k.pdf

pdfTeX warning: pdflatex (file ./figures/plots/hardware/ibm_santiago/y-s_FAKE_IBM_1k.pdf): PDF inclusion: multiple pdfs with page group included in a single page
> <./figures/plots/hardware/ionQ/s-t_FAKE_ionQ_1k.pdf

pdfTeX warning: pdflatex (file ./figures/plots/hardware/ionQ/s-t_FAKE_ionQ_1k.pdf): PDF inclusion: multiple pdfs with page group included in a single page
> <./figures/plots/hardware/ionQ/t-y_FAKE_ionQ_1k.pdf

pdfTeX warning: pdflatex (file ./figures/plots/hardware/ionQ/t-y_FAKE_ionQ_1k.pdf): PDF inclusion: multiple pdfs with page group included in a single page
> <./figures/plots/hardware/ionQ/y-s_FAKE_ionQ_1k.pdf

pdfTeX warning: pdflatex (file ./figures/plots/hardware/ionQ/y-s_FAKE_ionQ_1k.pdf): PDF inclusion: multiple pdfs with page group included in a single page
>]
LaTeX Info: Redefining \HepProcess on input line 456.
LaTeX Info: Redefining \HepProcess on input line 456.
 [29

]
LaTeX Info: Redefining \HepProcess on input line 468.
 [30

]
\tf@nav=\write6
\openout6 = `talk.nav'.

\tf@toc=\write7
\openout7 = `talk.toc'.

\tf@snm=\write8
\openout8 = `talk.snm'.



FiXme Summary: Number of notes: 0,
(FiXme)        Number of warnings: 0,
(FiXme)        Number of errors: 0,
(FiXme)        Number of fatal errors: 0,
(FiXme)        Total: 0.


Package movie15 Warning: @@@@@@@@@@@@@@@@@@@@@@@@@@@@@@@@@@@@@@@
(movie15)                @@ Package `movie15' is obsolete and @@
(movie15)                @@ superseded by `media9'.           @@
(movie15)                @@@@@@@@@@@@@@@@@@@@@@@@@@@@@@@@@@@@@@@.

(./talk.aux)

LaTeX Font Warning: Some font shapes were not available, defaults substituted.

Package rerunfilecheck Info: File `talk.out' has not changed.
(rerunfilecheck)             Checksum: 9D5F507D0F0DD9E7988CDD03F8562F7D;651.
 ) 
Here is how much of TeX's memory you used:
 44155 strings out of 478287
 933874 string characters out of 5849290
 1186780 words of memory out of 5000000
 61401 multiletter control sequences out of 15000+600000
 487432 words of font info for 75 fonts, out of 8000000 for 9000
 1141 hyphenation exceptions out of 8191
 128i,13n,122p,1843b,835s stack positions out of 5000i,500n,10000p,200000b,80000s
{/usr/share/texmf/fonts/enc/dvips/cm-super/cm-super-ts1.enc}{/usr/share/texmf/fonts/enc/dvips/cm-super/cm-super-t1.enc}</usr/share/texlive/texmf-dist/fonts/type1/public/amsfonts/cm/cmex10.pfb></usr/share/texlive/texmf-dist/fonts/type1/public/amsfonts/cm/cmmi10.pfb></usr/share/texlive/texmf-dist/fonts/type1/public/amsfonts/cm/cmmi6.pfb></usr/share/texlive/texmf-dist/fonts/type1/public/amsfonts/cm/cmmi8.pfb></usr/share/texlive/texmf-dist/fonts/type1/public/amsfonts/cm/cmr10.pfb></usr/share/texlive/texmf-dist/fonts/type1/public/amsfonts/cm/cmr6.pfb></usr/share/texlive/texmf-dist/fonts/type1/public/amsfonts/cm/cmr8.pfb></usr/share/texlive/texmf-dist/fonts/type1/public/amsfonts/cm/cmsy10.pfb></usr/share/texlive/texmf-dist/fonts/type1/public/amsfonts/cm/cmsy8.pfb></usr/share/texlive/texmf-dist/fonts/type1/public/amsfonts/symbols/msbm10.pfb></usr/share/texmf/fonts/type1/public/cm-super/sfss0800.pfb></usr/share/texmf/fonts/type1/public/cm-super/sfss1000.pfb></usr/share/texmf/fonts/type1/public/cm-super/sfss1095.pfb></usr/share/texmf/fonts/type1/public/cm-super/sfsx1095.pfb></usr/share/texmf/fonts/type1/public/cm-super/sfsx1200.pfb></usr/share/texmf/fonts/type1/public/cm-super/sfsx1440.pfb>
Output written on talk.pdf (30 pages, 3002933 bytes).
PDF statistics:
 1827 PDF objects out of 2073 (max. 8388607)
 599 compressed objects within 6 object streams
 66 named destinations out of 1000 (max. 500000)
 323 words of extra memory for PDF output out of 10000 (max. 10000000)

